[    0.000000] Initializing cgroup subsys cpuset
[    0.000000] Initializing cgroup subsys cpu
[    0.000000] Initializing cgroup subsys cpuacct
[    0.000000] Linux version 4.4.0-210-generic (buildd@lgw01-amd64-009) (gcc version 5.4.0 20160609 (Ubuntu 5.4.0-6ubuntu1~16.04.12) ) #242-Ubuntu SMP Fri Apr 16 09:57:56 UTC 2021 (Ubuntu 4.4.0-210.242-generic 4.4.262)
[    0.000000] Command line: BOOT_IMAGE=/boot/vmlinuz-4.4.0-210-generic root=LABEL=cloudimg-rootfs ro console=tty1 console=ttyS0
[    0.000000] KERNEL supported cpus:
[    0.000000]   Intel GenuineIntel
[    0.000000]   AMD AuthenticAMD
[    0.000000]   Centaur CentaurHauls
[    0.000000] x86/fpu: xstate_offset[2]:  576, xstate_sizes[2]:  256
[    0.000000] x86/fpu: Supporting XSAVE feature 0x01: 'x87 floating point registers'
[    0.000000] x86/fpu: Supporting XSAVE feature 0x02: 'SSE registers'
[    0.000000] x86/fpu: Supporting XSAVE feature 0x04: 'AVX registers'
[    0.000000] x86/fpu: Enabled xstate features 0x7, context size is 832 bytes, using 'standard' format.
[    0.000000] e820: BIOS-provided physical RAM map:
[    0.000000] BIOS-e820: [mem 0x0000000000000000-0x000000000009fbff] usable
[    0.000000] BIOS-e820: [mem 0x000000000009fc00-0x000000000009ffff] reserved
[    0.000000] BIOS-e820: [mem 0x00000000000f0000-0x00000000000fffff] reserved
[    0.000000] BIOS-e820: [mem 0x0000000000100000-0x000000003ffeffff] usable
[    0.000000] BIOS-e820: [mem 0x000000003fff0000-0x000000003fffffff] ACPI data
[    0.000000] BIOS-e820: [mem 0x00000000fec00000-0x00000000fec00fff] reserved
[    0.000000] BIOS-e820: [mem 0x00000000fee00000-0x00000000fee00fff] reserved
[    0.000000] BIOS-e820: [mem 0x00000000fffc0000-0x00000000ffffffff] reserved
[    0.000000] NX (Execute Disable) protection: active
[    0.000000] SMBIOS 2.5 present.
[    0.000000] Hypervisor detected: KVM
[    0.000000] e820: last_pfn = 0x3fff0 max_arch_pfn = 0x400000000
[    0.000000] MTRR: Disabled
[    0.000000] x86/PAT: MTRRs disabled, skipping PAT initialization too.
[    0.000000] CPU MTRRs all blank - virtualized system.
[    0.000000] x86/PAT: Configuration [0-7]: WB  WT  UC- UC  WB  WT  UC- UC  
[    0.000000] found SMP MP-table at [mem 0x0009fff0-0x0009ffff] mapped at [ffff88000009fff0]
[    0.000000] Scanning 1 areas for low memory corruption
[    0.000000] RAMDISK: [mem 0x362dc000-0x37165fff]
[    0.000000] ACPI: Early table checksum verification disabled
[    0.000000] ACPI: RSDP 0x00000000000E0000 000024 (v02 VBOX  )
[    0.000000] ACPI: XSDT 0x000000003FFF0030 00003C (v01 VBOX   VBOXXSDT 00000001 ASL  00000061)
[    0.000000] ACPI: FACP 0x000000003FFF00F0 0000F4 (v04 VBOX   VBOXFACP 00000001 ASL  00000061)
[    0.000000] ACPI: DSDT 0x000000003FFF0470 002325 (v02 VBOX   VBOXBIOS 00000002 INTL 20190509)
[    0.000000] ACPI: FACS 0x000000003FFF0200 000040
[    0.000000] ACPI: FACS 0x000000003FFF0200 000040
[    0.000000] ACPI: APIC 0x000000003FFF0240 00005C (v02 VBOX   VBOXAPIC 00000001 ASL  00000061)
[    0.000000] ACPI: SSDT 0x000000003FFF02A0 0001CC (v01 VBOX   VBOXCPUT 00000002 INTL 20190509)
[    0.000000] No NUMA configuration found
[    0.000000] Faking a node at [mem 0x0000000000000000-0x000000003ffeffff]
[    0.000000] NODE_DATA(0) allocated [mem 0x3ffeb000-0x3ffeffff]
[    0.000000] kvm-clock: Using msrs 4b564d01 and 4b564d00
[    0.000000] kvm-clock: cpu 0, msr 0:3ffe3001, primary cpu clock
[    0.000000] kvm-clock: using sched offset of 3245497645 cycles
[    0.000000] clocksource: kvm-clock: mask: 0xffffffffffffffff max_cycles: 0x1cd42e4dffb, max_idle_ns: 881590591483 ns
[    0.000000] Zone ranges:
[    0.000000]   DMA      [mem 0x0000000000001000-0x0000000000ffffff]
[    0.000000]   DMA32    [mem 0x0000000001000000-0x000000003ffeffff]
[    0.000000]   Normal   empty
[    0.000000]   Device   empty
[    0.000000] Movable zone start for each node
[    0.000000] Early memory node ranges
[    0.000000]   node   0: [mem 0x0000000000001000-0x000000000009efff]
[    0.000000]   node   0: [mem 0x0000000000100000-0x000000003ffeffff]
[    0.000000] Initmem setup node 0 [mem 0x0000000000001000-0x000000003ffeffff]
[    0.000000] ACPI: PM-Timer IO Port: 0x4008
[    0.000000] IOAPIC[0]: apic_id 2, version 32, address 0xfec00000, GSI 0-23
[    0.000000] ACPI: INT_SRC_OVR (bus 0 bus_irq 0 global_irq 2 dfl dfl)
[    0.000000] ACPI: INT_SRC_OVR (bus 0 bus_irq 9 global_irq 9 low level)
[    0.000000] Using ACPI (MADT) for SMP configuration information
[    0.000000] smpboot: Allowing 2 CPUs, 0 hotplug CPUs
[    0.000000] PM: Registered nosave memory: [mem 0x00000000-0x00000fff]
[    0.000000] PM: Registered nosave memory: [mem 0x0009f000-0x0009ffff]
[    0.000000] PM: Registered nosave memory: [mem 0x000a0000-0x000effff]
[    0.000000] PM: Registered nosave memory: [mem 0x000f0000-0x000fffff]
[    0.000000] e820: [mem 0x40000000-0xfebfffff] available for PCI devices
[    0.000000] Booting paravirtualized kernel on KVM
[    0.000000] clocksource: refined-jiffies: mask: 0xffffffff max_cycles: 0xffffffff, max_idle_ns: 7645519600211568 ns
[    0.000000] setup_percpu: NR_CPUS:512 nr_cpumask_bits:512 nr_cpu_ids:2 nr_node_ids:1
[    0.000000] PERCPU: Embedded 33 pages/cpu @ffff88003fc00000 s95192 r8192 d31784 u1048576
[    0.000000] Built 1 zonelists in Node order, mobility grouping on.  Total pages: 257912
[    0.000000] Policy zone: DMA32
[    0.000000] Kernel command line: BOOT_IMAGE=/boot/vmlinuz-4.4.0-210-generic root=LABEL=cloudimg-rootfs ro console=tty1 console=ttyS0
[    0.000000] PID hash table entries: 4096 (order: 3, 32768 bytes)
[    0.000000] Memory: 997792K/1048120K available (8644K kernel code, 1332K rwdata, 4044K rodata, 1492K init, 1164K bss, 50328K reserved, 0K cma-reserved)
[    0.000000] SLUB: HWalign=64, Order=0-3, MinObjects=0, CPUs=2, Nodes=1
[    0.000000] Kernel/User page tables isolation: enabled
[    0.000000] Hierarchical RCU implementation.
[    0.000000] 	Build-time adjustment of leaf fanout to 64.
[    0.000000] 	RCU restricting CPUs from NR_CPUS=512 to nr_cpu_ids=2.
[    0.000000] RCU: Adjusting geometry for rcu_fanout_leaf=64, nr_cpu_ids=2
[    0.000000] NR_IRQS:33024 nr_irqs:440 16
[    0.000000] Console: colour VGA+ 80x25
[    0.000000] console [tty1] enabled
[    0.000000] console [ttyS0] enabled
[    0.000000] tsc: Detected 2592.002 MHz processor
[    0.148026] Calibrating delay loop (skipped) preset value.. 5184.00 BogoMIPS (lpj=10368008)
[    0.149940] pid_max: default: 32768 minimum: 301
[    0.150966] ACPI: Core revision 20150930
[    0.152977] ACPI: 2 ACPI AML tables successfully acquired and loaded
[    0.154435] Security Framework initialized
[    0.155388] Yama: becoming mindful.
[    0.156233] AppArmor: AppArmor initialized
[    0.157235] Dentry cache hash table entries: 131072 (order: 8, 1048576 bytes)
[    0.159471] Inode-cache hash table entries: 65536 (order: 7, 524288 bytes)
[    0.160974] Mount-cache hash table entries: 2048 (order: 2, 16384 bytes)
[    0.162317] Mountpoint-cache hash table entries: 2048 (order: 2, 16384 bytes)
[    0.163998] Initializing cgroup subsys io
[    0.164931] Initializing cgroup subsys memory
[    0.165918] Initializing cgroup subsys devices
[    0.166957] Initializing cgroup subsys freezer
[    0.167971] Initializing cgroup subsys net_cls
[    0.168987] Initializing cgroup subsys perf_event
[    0.170041] Initializing cgroup subsys net_prio
[    0.171096] Initializing cgroup subsys hugetlb
[    0.172103] Initializing cgroup subsys pids
[    0.188263] mce: CPU supports 0 MCE banks
[    0.189248] Last level iTLB entries: 4KB 64, 2MB 8, 4MB 8
[    0.190394] Last level dTLB entries: 4KB 64, 2MB 0, 4MB 0, 1GB 4
[    0.191671] Spectre V1 : Mitigation: usercopy/swapgs barriers and __user pointer sanitization
[    0.193527] Spectre V2 : Mitigation: Full generic retpoline
[    0.194684] Spectre V2 : Spectre v2 / SpectreRSB mitigation: Filling RSB on context switch
[    0.196587] Speculative Store Bypass: Vulnerable
[    0.197599] SRBDS: Unknown: Dependent on hypervisor status
[    0.198846] MDS: Mitigation: Clear CPU buffers
[    0.202978] Freeing SMP alternatives memory: 36K
[    0.211042] ftrace: allocating 32380 entries in 127 pages
[    0.279855] smpboot: APIC(0) Converting physical 0 to logical package 0
[    0.281237] smpboot: Max logical packages: 1
[    0.282458] x2apic enabled
[    0.283424] Switched APIC routing to physical x2apic.
[    0.285714] ..TIMER: vector=0x30 apic1=0 pin1=2 apic2=-1 pin2=-1
[    0.395045] smpboot: CPU0: Intel(R) Core(TM) i7-9750H CPU @ 2.60GHz (family: 0x6, model: 0x9e, stepping: 0xa)
[    0.397370] Performance Events: unsupported p6 CPU model 158 no PMU driver, software events only.
[    0.411857] KVM setup paravirtual spinlock
[    0.413735] x86: Booting SMP configuration:
[    0.414678] .... node  #0, CPUs:      #1
[    0.415764] kvm-clock: cpu 1, msr 0:3ffe3041, secondary cpu clock
[    0.431705] mce: CPU supports 0 MCE banks
[    0.434317] x86: Booted up 1 node, 2 CPUs
[    0.435489] smpboot: Total of 2 processors activated (10368.00 BogoMIPS)
[    0.437344] devtmpfs: initialized
[    0.440395] evm: security.selinux
[    0.441212] evm: security.SMACK64
[    0.442063] evm: security.SMACK64EXEC
[    0.442959] evm: security.SMACK64TRANSMUTE
[    0.443909] evm: security.SMACK64MMAP
[    0.444770] evm: security.ima
[    0.445514] evm: security.capability
[    0.446604] clocksource: jiffies: mask: 0xffffffff max_cycles: 0xffffffff, max_idle_ns: 7645041785100000 ns
[    0.448714] futex hash table entries: 512 (order: 3, 32768 bytes)
[    0.450189] pinctrl core: initialized pinctrl subsystem
[    0.451589] RTC time: 13:37:28, date: 02/24/22
[    0.452968] NET: Registered protocol family 16
[    0.462833] cpuidle: using governor ladder
[    0.475410] cpuidle: using governor menu
[    0.476413] PCCT header not found.
[    0.477382] ACPI: bus type PCI registered
[    0.478322] acpiphp: ACPI Hot Plug PCI Controller Driver version: 0.5
[    0.479854] PCI: Using configuration type 1 for base access
[    0.491836] ACPI: Added _OSI(Module Device)
[    0.492872] ACPI: Added _OSI(Processor Device)
[    0.493922] ACPI: Added _OSI(3.0 _SCP Extensions)
[    0.495118] ACPI: Added _OSI(Processor Aggregator Device)
[    0.497061] ACPI: Executed 1 blocks of module-level executable AML code
[    0.500734] ACPI: Interpreter enabled
[    0.501657] ACPI: (supports S0 S5)
[    0.502492] ACPI: Using IOAPIC for interrupt routing
[    0.503720] PCI: Using host bridge windows from ACPI; if necessary, use "pci=nocrs" and report a bug
[    0.509455] ACPI: PCI Root Bridge [PCI0] (domain 0000 [bus 00-ff])
[    0.510742] acpi PNP0A03:00: _OSC: OS supports [ASPM ClockPM Segments MSI]
[    0.512446] acpi PNP0A03:00: _OSC: not requesting OS control; OS requires [ExtendedConfig ASPM ClockPM MSI]
[    0.514583] acpi PNP0A03:00: fail to add MMCONFIG information, can't access extended PCI configuration space under this bridge.
[    0.517306] PCI host bridge to bus 0000:00
[    0.518318] pci_bus 0000:00: root bus resource [io  0x0000-0x0cf7 window]
[    0.519693] pci_bus 0000:00: root bus resource [io  0x0d00-0xffff window]
[    0.521037] pci_bus 0000:00: root bus resource [mem 0x000a0000-0x000bffff window]
[    0.522689] pci_bus 0000:00: root bus resource [mem 0x40000000-0xfdffffff window]
[    0.524388] pci_bus 0000:00: root bus resource [bus 00-ff]
[    0.528992] pci 0000:00:01.1: legacy IDE quirk: reg 0x10: [io  0x01f0-0x01f7]
[    0.530395] pci 0000:00:01.1: legacy IDE quirk: reg 0x14: [io  0x03f6]
[    0.531720] pci 0000:00:01.1: legacy IDE quirk: reg 0x18: [io  0x0170-0x0177]
[    0.543387] pci 0000:00:01.1: legacy IDE quirk: reg 0x1c: [io  0x0376]
[    0.557432] pci 0000:00:07.0: quirk: [io  0x4000-0x403f] claimed by PIIX4 ACPI
[    0.559183] pci 0000:00:07.0: quirk: [io  0x4100-0x410f] claimed by PIIX4 SMB
[    0.567845] ACPI: PCI Interrupt Link [LNKA] (IRQs 5 9 10 *11)
[    0.569756] ACPI: PCI Interrupt Link [LNKB] (IRQs 5 9 *10 11)
[    0.571570] ACPI: PCI Interrupt Link [LNKC] (IRQs 5 *9 10 11)
[    0.573273] ACPI: PCI Interrupt Link [LNKD] (IRQs 5 9 10 *11)
[    0.575021] ACPI: Enabled 2 GPEs in block 00 to 07
[    0.576464] vgaarb: setting as boot device: PCI:0000:00:02.0
[    0.577656] vgaarb: device added: PCI:0000:00:02.0,decodes=io+mem,owns=io+mem,locks=none
[    0.579446] vgaarb: loaded
[    0.580135] vgaarb: bridge control possible 0000:00:02.0
[    0.581516] SCSI subsystem initialized
[    0.582485] ACPI: bus type USB registered
[    0.583434] usbcore: registered new interface driver usbfs
[    0.584568] usbcore: registered new interface driver hub
[    0.585688] usbcore: registered new device driver usb
[    0.587678] PCI: Using ACPI for IRQ routing
[    0.588975] NetLabel: Initializing
[    0.589785] NetLabel:  domain hash size = 128
[    0.590749] NetLabel:  protocols = UNLABELED CIPSOv4
[    0.591808] NetLabel:  unlabeled traffic allowed by default
[    0.593183] amd_nb: Cannot enumerate AMD northbridges
[    0.594354] clocksource: Switched to clocksource kvm-clock
[    0.601956] AppArmor: AppArmor Filesystem Enabled
[    0.603086] pnp: PnP ACPI init
[    0.604629] pnp: PnP ACPI: found 3 devices
[    0.613688] clocksource: acpi_pm: mask: 0xffffff max_cycles: 0xffffff, max_idle_ns: 2085701024 ns
[    0.615634] NET: Registered protocol family 2
[    0.616793] TCP established hash table entries: 8192 (order: 4, 65536 bytes)
[    0.618190] TCP bind hash table entries: 8192 (order: 5, 131072 bytes)
[    0.619533] TCP: Hash tables configured (established 8192 bind 8192)
[    0.620831] UDP hash table entries: 512 (order: 2, 16384 bytes)
[    0.622039] UDP-Lite hash table entries: 512 (order: 2, 16384 bytes)
[    0.623367] NET: Registered protocol family 1
[    0.624329] pci 0000:00:00.0: Limiting direct PCI/PCI transfers
[    0.625562] pci 0000:00:01.0: Activating ISA DMA hang workarounds
[    0.626957] Unpacking initramfs...
[    0.870845] Freeing initrd memory: 14888K
[    0.871963] clocksource: tsc: mask: 0xffffffffffffffff max_cycles: 0x255cb8d7d74, max_idle_ns: 440795265546 ns
[    0.874063] platform rtc_cmos: registered platform RTC device (no PNP device found)
[    0.875812] Scanning for low memory corruption every 60 seconds
[    0.877452] audit: initializing netlink subsys (disabled)
[    0.878680] audit: type=2000 audit(1645709854.001:1): initialized
[    0.880204] Initialise system trusted keyring
[    0.881532] HugeTLB registered 2 MB page size, pre-allocated 0 pages
[    0.884260] zbud: loaded
[    0.885404] VFS: Disk quotas dquot_6.6.0
[    0.886387] VFS: Dquot-cache hash table entries: 512 (order 0, 4096 bytes)
[    0.888069] squashfs: version 4.0 (2009/01/31) Phillip Lougher
[    0.889630] fuse init (API version 7.23)
[    0.890768] Key type big_key registered
[    0.891678] Allocating IMA MOK and blacklist keyrings.
[    0.893548] Key type asymmetric registered
[    0.894542] Asymmetric key parser 'x509' registered
[    0.895656] Block layer SCSI generic (bsg) driver version 0.4 loaded (major 249)
[    0.897458] io scheduler noop registered
[    0.898351] io scheduler deadline registered (default)
[    0.899503] io scheduler cfq registered
[    0.900494] pci_hotplug: PCI Hot Plug PCI Core version: 0.5
[    0.901654] pciehp: PCI Express Hot Plug Controller Driver version: 0.4
[    0.903107] ACPI: AC Adapter [AC] (off-line)
[    0.904120] input: Power Button as /devices/LNXSYSTM:00/LNXPWRBN:00/input/input0
[    0.905797] ACPI: Power Button [PWRF]
[    0.906742] input: Sleep Button as /devices/LNXSYSTM:00/LNXSLPBN:00/input/input1
[    0.908381] ACPI: Sleep Button [SLPF]
[    0.910053] ACPI: Battery Slot [BAT0] (battery present)
[    0.911228] GHES: HEST is not enabled!
[    0.912182] Serial: 8250/16550 driver, 32 ports, IRQ sharing enabled
[    0.934124] 00:02: ttyS0 at I/O 0x3f8 (irq = 4, base_baud = 115200) is a 16550A
[    0.936908] Linux agpgart interface v0.103
[    0.939507] loop: module loaded
[    0.940873] scsi host0: ata_piix
[    0.941816] scsi host1: ata_piix
[    0.942662] ata1: PATA max UDMA/33 cmd 0x1f0 ctl 0x3f6 bmdma 0xd000 irq 14
[    0.944025] ata2: PATA max UDMA/33 cmd 0x170 ctl 0x376 bmdma 0xd008 irq 15
[    0.945506] libphy: Fixed MDIO Bus: probed
[    0.946443] tun: Universal TUN/TAP device driver, 1.6
[    0.947613] tun: (C) 1999-2004 Max Krasnyansky <maxk@qualcomm.com>
[    0.948886] PPP generic driver version 2.4.2
[    0.949920] ehci_hcd: USB 2.0 'Enhanced' Host Controller (EHCI) Driver
[    0.951259] ehci-pci: EHCI PCI platform driver
[    0.952256] ehci-platform: EHCI generic platform driver
[    0.953364] ohci_hcd: USB 1.1 'Open' Host Controller (OHCI) Driver
[    0.954607] ohci-pci: OHCI PCI platform driver
[    0.955634] ohci-platform: OHCI generic platform driver
[    0.956734] uhci_hcd: USB Universal Host Controller Interface driver
[    0.958099] i8042: PNP: PS/2 Controller [PNP0303:PS2K,PNP0f03:PS2M] at 0x60,0x64 irq 1,12
[    0.960429] serio: i8042 KBD port at 0x60,0x64 irq 1
[    0.961552] serio: i8042 AUX port at 0x60,0x64 irq 12
[    0.962719] mousedev: PS/2 mouse device common for all mice
[    0.964344] rtc_cmos rtc_cmos: rtc core: registered rtc_cmos as rtc0
[    0.965716] rtc_cmos rtc_cmos: alarms up to one day, 114 bytes nvram
[    0.967067] i2c /dev entries driver
[    0.967973] device-mapper: uevent: version 1.0.3
[    0.969051] input: AT Translated Set 2 keyboard as /devices/platform/i8042/serio0/input/input2
[    0.971084] device-mapper: ioctl: 4.34.0-ioctl (2015-10-28) initialised: dm-devel@redhat.com
[    0.972922] ledtrig-cpu: registered to indicate activity on CPUs
[    0.974630] NET: Registered protocol family 10
[    0.975876] NET: Registered protocol family 17
[    0.976885] Key type dns_resolver registered
[    0.978114] registered taskstats version 1
[    0.979095] Loading compiled-in X.509 certificates
[    0.980792] Loaded X.509 cert 'Build time autogenerated kernel key: cf00e047681d67edb2720680708b7d9498083038'
[    0.982908] zswap: loaded using pool lzo/zbud
[    0.985989] Key type trusted registered
[    0.990518] Key type encrypted registered
[    0.991443] AppArmor: AppArmor sha1 policy hashing enabled
[    0.992616] ima: No TPM chip found, activating TPM-bypass!
[    0.993762] ima: Allocated hash algorithm: sha1
[    0.994852] evm: HMAC attrs: 0x1
[    0.995992]   Magic number: 10:737:635
[    0.996960] rtc_cmos rtc_cmos: setting system clock to 2022-02-24 13:37:29 UTC (1645709849)
[    0.998940] BIOS EDD facility v0.16 2004-Jun-25, 0 devices found
[    1.000152] EDD information not available.
[    1.587623] Freeing unused kernel memory: 1492K
[    1.590290] Write protecting the kernel read-only data: 14336k
[    1.592049] Freeing unused kernel memory: 1584K
[    1.593259] Freeing unused kernel memory: 52K
Loading, please wait...
starting version 229
[    1.609745] random: systemd-udevd: uninitialized urandom read (16 bytes read, 3 bits of entropy available)
[    1.610515] random: udevadm: uninitialized urandom read (16 bytes read, 3 bits of entropy available)
[    1.610549] random: udevadm: uninitialized urandom read (16 bytes read, 3 bits of entropy available)
[    1.615797] random: systemd-udevd: uninitialized urandom read (16 bytes read, 3 bits of entropy available)
[    1.617837] random: systemd-udevd: uninitialized urandom read (16 bytes read, 3 bits of entropy available)
[    1.619522] random: udevadm: uninitialized urandom read (16 bytes read, 3 bits of entropy available)
[    1.619581] random: udevadm: uninitialized urandom read (16 bytes read, 3 bits of entropy available)
[    1.619744] random: udevadm: uninitialized urandom read (16 bytes read, 3 bits of entropy available)
[    1.619812] random: udevadm: uninitialized urandom read (16 bytes read, 3 bits of entropy available)
[    1.619877] random: udevadm: uninitialized urandom read (16 bytes read, 3 bits of entropy available)
[    1.676480] e1000: Intel(R) PRO/1000 Network Driver - version 7.3.21-k8-NAPI
[    1.678086] e1000: Copyright (c) 1999-2006 Intel Corporation.
[    1.683042] Fusion MPT base driver 3.04.20
[    1.684037] Copyright (c) 1999-2008 LSI Corporation
[    1.690608] Fusion MPT SPI Host driver 3.04.20
[    1.707485] AVX2 version of gcm_enc/dec engaged.
[    1.708644] AES CTR mode by8 optimization enabled
[    1.919844] input: ImExPS/2 Generic Explorer Mouse as /devices/platform/i8042/serio1/input/input4
[    2.731176] e1000 0000:00:03.0 eth0: (PCI:33MHz:32-bit) 02:be:82:6b:cc:1d
[    2.732570] e1000 0000:00:03.0 eth0: Intel(R) PRO/1000 Network Connection
[    2.734716] mptbase: ioc0: Initiating bringup
[    3.755079] ioc0: LSI53C1030 A0: Capabilities={Initiator}
[    5.559339] scsi host2: ioc0: LSI53C1030 A0, FwRev=00000000h, Ports=1, MaxQ=256, IRQ=20
[    6.743681] scsi 2:0:0:0: Direct-Access     VBOX     HARDDISK         1.0  PQ: 0 ANSI: 5
[    6.745952] scsi target2:0:0: Beginning Domain Validation
[    6.748372] scsi target2:0:0: Domain Validation skipping write tests
[    6.749991] scsi target2:0:0: Ending Domain Validation
[    6.752741] scsi target2:0:0: asynchronous
[    6.754459] scsi 2:0:1:0: Direct-Access     VBOX     HARDDISK         1.0  PQ: 0 ANSI: 5
[    6.756600] scsi target2:0:1: Beginning Domain Validation
[    6.758809] scsi target2:0:1: Domain Validation skipping write tests
[    6.760114] scsi target2:0:1: Ending Domain Validation
[    6.761276] scsi target2:0:1: asynchronous
[    6.777032] sd 2:0:0:0: Attached scsi generic sg0 type 0
[    6.778347] sd 2:0:0:0: [sda] 83886080 512-byte logical blocks: (42.9 GB/40.0 GiB)
[    6.780812] sd 2:0:1:0: Attached scsi generic sg1 type 0
[    6.783144] sd 2:0:1:0: [sdb] 20480 512-byte logical blocks: (10.5 MB/10.0 MiB)
[    6.785744] sd 2:0:1:0: [sdb] Write Protect is off
[    6.787014] sd 2:0:1:0: [sdb] Incomplete mode parameter data
[    6.788230] sd 2:0:1:0: [sdb] Assuming drive cache: write through
[    6.790066] sd 2:0:0:0: [sda] Write Protect is off
[    6.791353] sd 2:0:0:0: [sda] Incomplete mode parameter data
[    6.792064] sd 2:0:1:0: [sdb] Attached SCSI disk
[    6.793732] sd 2:0:0:0: [sda] Assuming drive cache: write through
[    6.799928]  sda: sda1
[    6.801384] sd 2:0:0:0: [sda] Attached SCSI disk
[    7.115017] e1000 0000:00:08.0 eth1: (PCI:33MHz:32-bit) 08:00:27:aa:0f:e1
[    7.116448] e1000 0000:00:08.0 eth1: Intel(R) PRO/1000 Network Connection
[    7.118953] e1000 0000:00:03.0 enp0s3: renamed from eth0
[    7.130904] e1000 0000:00:08.0 enp0s8: renamed from eth1
Begin: Loading essential drivers ... [    8.506726] md: linear personality registered for level -1
[    8.510162] md: multipath personality registered for level -4
[    8.513576] md: raid0 personality registered for level 0
[    8.518151] md: raid1 personality registered for level 1
[    8.590375] raid6: sse2x1   gen()  9168 MB/s
[    8.658400] raid6: sse2x1   xor()  6776 MB/s
[    8.726408] raid6: sse2x2   gen() 11367 MB/s
[    8.794401] raid6: sse2x2   xor()  7747 MB/s
[    8.862364] raid6: sse2x4   gen() 12717 MB/s
[    8.930368] raid6: sse2x4   xor()  8481 MB/s
[    8.998410] raid6: avx2x1   gen() 15612 MB/s
[    9.066407] raid6: avx2x2   gen() 20567 MB/s
[    9.134368] raid6: avx2x4   gen() 22732 MB/s
[    9.135338] raid6: using algorithm avx2x4 gen() 22732 MB/s
[    9.136536] raid6: using avx2x2 recovery algorithm
[    9.139114] xor: automatically using best checksumming function:
[    9.250102]    avx       : 66702.000 MB/sec
[    9.252519] async_tx: api initialized (async)
[    9.262019] md: raid6 personality registered for level 6
[    9.263403] md: raid5 personality registered for level 5
[    9.264627] md: raid4 personality registered for level 4
[    9.272060] md: raid10 personality registered for level 10
done.
Begin: Running /scripts/init-premount ... done.
Begin: Mounting root file system ... Begin: Running /scripts/local-top ... done.
Begin: Running /scripts/local-premount ... [    9.305855] Btrfs loaded
Scanning for Btrfs filesystems
done.
Warning: fsck not present, so skipping root file system
[    9.339257] EXT4-fs (sda1): mounted filesystem with ordered data mode. Opts: (null)
done.
Begin: Running /scripts/local-bottom ... done.
Begin: Running /scripts/init-bottom ... done.
[    9.433854] systemd[1]: systemd 229 running in system mode. (+PAM +AUDIT +SELINUX +IMA +APPARMOR +SMACK +SYSVINIT +UTMP +LIBCRYPTSETUP +GCRYPT +GNUTLS +ACL +XZ -LZ4 +SECCOMP +BLKID +ELFUTILS +KMOD -IDN)
[    9.437553] systemd[1]: Detected virtualization oracle.
[    9.438650] systemd[1]: Detected architecture x86-64.

Welcome to [1mUbuntu 16.04.7 LTS[0m!

[    9.447474] systemd[1]: Set hostname to <ubuntu>.
[    9.454439] systemd[1]: Initializing machine ID from random generator.
[    9.458371] systemd[1]: Installed transient /etc/machine-id file.
[    9.606257] systemd[1]: Reached target User and Group Name Lookups.
[[0;32m  OK  [0m] Reached target User and Group Name Lookups.
[    9.608768] systemd[1]: Listening on Syslog Socket.
[[0;32m  OK  [0m] Listening on Syslog Socket.
[    9.610498] systemd[1]: Listening on Journal Audit Socket.
[[0;32m  OK  [0m] Listening on Journal Audit Socket.
[    9.612541] systemd[1]: Started Trigger resolvconf update for networkd DNS.
[[0;32m  OK  [0m] Started Trigger resolvconf update for networkd DNS.
[    9.614796] systemd[1]: Reached target Encrypted Volumes.
[[0;32m  OK  [0m] Reached target Encrypted Volumes.
[    9.616773] systemd[1]: Reached target System Time Synchronized.
[[0;32m  OK  [0m] Reached target System Time Synchronized.
[    9.618955] systemd[1]: Listening on udev Kernel Socket.
[[0;32m  OK  [0m] Listening on udev Kernel Socket.
[    9.620931] systemd[1]: Listening on LVM2 metadata daemon socket.
[[0;32m  OK  [0m] Listening on LVM2 metadata daemon socket.
[    9.623106] systemd[1]: Listening on LVM2 poll daemon socket.
[[0;32m  OK  [0m] Listening on LVM2 poll daemon socket.
[    9.625128] systemd[1]: Listening on Journal Socket (/dev/log).
[[0;32m  OK  [0m] Listening on Journal Socket (/dev/log).
[    9.627286] systemd[1]: Listening on Journal Socket.
[[0;32m  OK  [0m] Listening on Journal Socket.
[    9.629176] systemd[1]: Started Forward Password Requests to Wall Directory Watch.
[[0;32m  OK  [0m] Started Forward Password Requests to Wall Directory Watch.
[    9.632270] systemd[1]: Created slice System Slice.
[[0;32m  OK  [0m] Created slice System Slice.
[    9.646536] systemd[1]: Mounting POSIX Message Queue File System...
         Mounting POSIX Message Queue File System...
[    9.649422] systemd[1]: Mounting Huge Pages File System...
         Mounting Huge Pages File System...
[    9.651995] systemd[1]: Mounting Debug File System...
         Mounting Debug File System...
[    9.655200] systemd[1]: Starting Create list of required static device nodes for the current kernel...
         Starting Create list of required st... nodes for the current kernel...
[    9.660618] systemd[1]: Starting Load Kernel Modules...
         Starting Load Kernel Modules...
[    9.663173] systemd[1]: Starting Journal Service...
         Starting Journal Service...
[    9.666573] systemd[1]: Starting Uncomplicated firewall...
         Starting Uncomplicated firewall...
[    9.668679] systemd[1]: Listening on udev Control Socket.
[[0;32m  OK  [0m] Listening on udev Control Socket.
[    9.671513] systemd[1]: Starting Set console keymap...
         Starting Set console keymap...
[    9.675874] Loading iSCSI transport class v2.0-870.
[    9.678629] systemd[1]: Listening on /dev/initctl Compatibility Named Pipe.
[[0;32m  OK  [0m] Listening on /dev/initctl Compatibility Named Pipe.
[    9.682532] systemd[1]: Starting Nameserver information manager...
         Starting Nameserver information manager...
[    9.685307] systemd[1]: Created slice User and Session Slice.
[[0;32m  OK  [0m] Created slice User and Session Slice.
[    9.690453] systemd[1]: Reached target Slices.
[[0;32m  OK  [0m] Reached target Slices.
[    9.692598] systemd[1]: Created slice system-serial\x2dgetty.slice.
[[0;32m  OK  [0m] Created slice system-serial\x2dgetty.slice.
[    9.695220] systemd[1]: Set up automount Arbitrary Executable File Formats File System Automount Point.
[    9.697853] iscsi: registered transport (tcp)
[[0;32m  OK  [0m] Set up automount Arbitrary Executab...ats File System Automount Point.
[    9.701307] systemd[1]: Reached target Swap.
[[0;32m  OK  [0m] Reached target Swap.
[    9.703078] systemd[1]: Listening on fsck to fsckd communication Socket.
[[0;32m  OK  [0m] Listening on fsck to fsckd communication Socket.
[    9.722719] systemd[1]: Starting File System Check on Root Device...
         Starting File System Check on Root Device...
[    9.725137] systemd[1]: Listening on Device-mapper event daemon FIFOs.
[    9.726689] iscsi: registered transport (iser)
[[0;32m  OK  [0m] Listening on Device-mapper event daemon FIFOs.
[    9.729204] systemd[1]: Starting Monitoring of LVM2 mirrors, snapshots etc. using dmeventd or progress polling...
         Starting Monitoring of LVM2 mirrors... dmeventd or progress polling...
[    9.734755] systemd[1]: Mounted Huge Pages File System.
[[0;32m  OK  [0m] Mounted Huge Pages File System.
[    9.736728] systemd[1]: Mounted POSIX Message Queue File System.
[[0;32m  OK  [0m] Mounted POSIX Message Queue File System.
[    9.738878] systemd[1]: Mounted Debug File System.
[[0;32m  OK  [0m] Mounted Debug File System.
[    9.740934] systemd[1]: Started Journal Service.
[[0;32m  OK  [0m] Started Journal Service.
[[0;32m  OK  [0m] Started Create list of required sta...ce nodes for the current kernel.
[[0;32m  OK  [0m] Started Load Kernel Modules.
[[0;32m  OK  [0m] Started Uncomplicated firewall.
[[0;32m  OK  [0m] Started Set console keymap.
[[0;32m  OK  [0m] Started LVM2 metadata daemon.
[[0;32m  OK  [0m] Started File System Check Daemon to report status.
         Starting Apply Kernel Variables...
         Mounting FUSE Control File System...
         Starting Create Static Device Nodes in /dev...
[[0;32m  OK  [0m] Mounted FUSE Control File System.
[[0;32m  OK  [0m] Started File System Check on Root Device.
[[0;32m  OK  [0m] Started Nameserver information manager.
[[0;32m  OK  [0m] Started Apply Kernel Variables.
         Starting Remount Root and Kernel File Systems...
[[0;32m  OK  [0m] Started Create Static Device Nodes in /dev.
         Starting udev Kernel Device Manager...
[[0;32m  OK  [0m] Started Remount Root and Kernel File Systems.
         Starting Flush Journal to Persistent Storage...
         Starting Load/Save Random Seed...
         Starting udev Coldplug all Devices...
[[0;32m  OK  [0m] Started Load/Save Random Seed.
[[0;32m  OK  [0m] Started Flush Journal to Persistent Storage.
[[0;32m  OK  [0m] Started udev Kernel Device Manager.
[[0;32m  OK  [0m] Started udev Coldplug all Devices.
[[0;32m  OK  [0m] Started Dispatch Password Requests to Console Directory Watch.
[[0;32m  OK  [0m] Found device /dev/ttyS0.
[[0;32m  OK  [0m] Listening on Load/Save RF Kill Switch Status /dev/rfkill Watch.
[[0;32m  OK  [0m] Started Monitoring of LVM2 mirrors,...ng dmeventd or progress polling.
[[0;32m  OK  [0m] Reached target Local File Systems (Pre).
[[0;32m  OK  [0m] Reached target Local File Systems.
         Starting Create Volatile Files and Directories...
         Starting Tell Plymouth To Write Out Runtime Data...
         Starting Set console font and keymap...
         Starting LSB: AppArmor initialization...
         Starting Commit a transient machine-id on disk...
         Starting Initial cloud-init job (pre-networking)...
[[0;32m  OK  [0m] Started Create Volatile Files and Directories.
[[0;32m  OK  [0m] Started Tell Plymouth To Write Out Runtime Data.
[[0;32m  OK  [0m] Started Commit a transient machine-id on disk.
         Starting Update UTMP about System Boot/Shutdown...
[[0;32m  OK  [0m] Started Update UTMP about System Boot/Shutdown.
[[0;32m  OK  [0m] Started Set console font and keymap.
[[0;32m  OK  [0m] Created slice system-getty.slice.
[[0;32m  OK  [0m] Started LSB: AppArmor initialization.
         Starting Load AppArmor profiles managed internally by snapd...
[[0;32m  OK  [0m] Started Load AppArmor profiles managed internally by snapd.
[   11.467848] cloud-init[669]: Cloud-init v. 21.1-19-gbad84ad4-0ubuntu1~16.04.2 running 'init-local' at Thu, 24 Feb 2022 13:37:39 +0000. Up 11.16 seconds.
[[0;32m  OK  [0m] Started Initial cloud-init job (pre-networking).
[[0;32m  OK  [0m] Reached target Network (Pre).
         Starting Raise network interfaces...
[[0;32m  OK  [0m] Started Raise network interfaces.
[[0;32m  OK  [0m] Reached target Network.
         Starting Initial cloud-init job (metadata service crawler)...
[   12.620488] cloud-init[972]: Cloud-init v. 21.1-19-gbad84ad4-0ubuntu1~16.04.2 running 'init' at Thu, 24 Feb 2022 13:37:40 +0000. Up 11.99 seconds.
[   12.622671] cloud-init[972]: ci-info: ++++++++++++++++++++++++++++++++++++++Net device info+++++++++++++++++++++++++++++++++++++++
[   12.624877] cloud-init[972]: ci-info: +--------+-------+----------------------------+---------------+--------+-------------------+
[   12.627068] cloud-init[972]: ci-info: | Device |   Up  |          Address           |      Mask     | Scope  |     Hw-Address    |
[   12.629241] cloud-init[972]: ci-info: +--------+-------+----------------------------+---------------+--------+-------------------+
[   12.631362] cloud-init[972]: ci-info: | enp0s3 |  True |         10.0.2.15          | 255.255.255.0 | global | 02:be:82:6b:cc:1d |
[   12.633572] cloud-init[972]: ci-info: | enp0s3 |  True | fe80::be:82ff:fe6b:cc1d/64 |       .       |  link  | 02:be:82:6b:cc:1d |
[   12.635642] cloud-init[972]: ci-info: | enp0s8 | False |             .              |       .       |   .    | 08:00:27:aa:0f:e1 |
[   12.637681] cloud-init[972]: ci-info: |   lo   |  True |         127.0.0.1          |   255.0.0.0   |  host  |         .         |
[   12.639495] cloud-init[972]: ci-info: |   lo   |  True |          ::1/128           |       .       |  host  |         .         |
[   12.641365] cloud-init[972]: ci-info: +--------+-------+----------------------------+---------------+--------+-------------------+
[   12.643217] cloud-init[972]: ci-info: +++++++++++++++++++++++++++Route IPv4 info++++++++++++++++++++++++++++
[   12.648374] cloud-init[972]: ci-info: +-------+-------------+----------+---------------+-----------+-------+
[   12.649977] cloud-init[972]: ci-info: | Route | Destination | Gateway  |    Genmask    | Interface | Flags |
[   12.651574] cloud-init[972]: ci-info: +-------+-------------+----------+---------------+-----------+-------+
[   12.653198] cloud-init[972]: ci-info: |   0   |   0.0.0.0   | 10.0.2.2 |    0.0.0.0    |   enp0s3  |   UG  |
[   12.654834] cloud-init[972]: ci-info: |   1   |   10.0.2.0  | 0.0.0.0  | 255.255.255.0 |   enp0s3  |   U   |
[   12.656464] cloud-init[972]: ci-info: +-------+-------------+----------+---------------+-----------+-------+
[   12.658067] cloud-init[972]: ci-info: +++++++++++++++++++Route IPv6 info+++++++++++++++++++
[   12.659509] cloud-init[972]: ci-info: +-------+-------------+---------+-----------+-------+
[   12.660907] cloud-init[972]: ci-info: | Route | Destination | Gateway | Interface | Flags |
[   12.662333] cloud-init[972]: ci-info: +-------+-------------+---------+-----------+-------+
[   12.663733] cloud-init[972]: ci-info: |   0   |  fe80::/64  |    ::   |   enp0s3  |   U   |
[   12.679172] cloud-init[972]: ci-info: |   3   |   ff00::/8  |    ::   |   enp0s3  |   U   |
[   12.680969] cloud-init[972]: ci-info: +-------+-------------+---------+-----------+-------+
[   12.682711] cloud-init[972]: Generating public/private rsa key pair.
[   12.683712] cloud-init[972]: Your identification has been saved in /etc/ssh/ssh_host_rsa_key.
[   12.684894] cloud-init[972]: Your public key has been saved in /etc/ssh/ssh_host_rsa_key.pub.
[   12.686308] cloud-init[972]: The key fingerprint is:
[   12.687367] cloud-init[972]: SHA256:WMQWyb3Zx7wILhG1QecMGob5pcKpcsflrlYU/7a7BTc root@ubuntu-xenial
[   12.688512] cloud-init[972]: The key's randomart image is:
[   12.689965] cloud-init[972]: +---[RSA 2048]----+
[   12.690966] cloud-init[972]: |       ==*= .    |
[   12.691225] cloud-init[972]: |      ooBooB     |
[   12.691691] cloud-init[972]: |     . +o*.+oo   |
[   12.692482] cloud-init[972]: |      +o* = . +  |
[   12.692785] cloud-init[972]: |     o.=So o.oE. |
[   12.693269] cloud-init[972]: |  . o o + . +o.. |
[   12.693731] cloud-init[972]: |   o . o . . ..  |
[   12.694199] cloud-init[972]: |      . .   ..   |
[   12.694672] cloud-init[972]: |     ...    oo   |
[   12.695127] cloud-init[972]: +----[SHA256]-----+
[   12.695607] cloud-init[972]: Generating public/private dsa key pair.
[   12.696099] cloud-init[972]: Your identification has been saved in /etc/ssh/ssh_host_dsa_key.
[   12.696524] cloud-init[972]: Your public key has been saved in /etc/ssh/ssh_host_dsa_key.pub.
[   12.696980] cloud-init[972]: The key fingerprint is:
[   12.697439] cloud-init[972]: SHA256:AmhyQ5kx3a5NYOywDYLr9A5DYE8AE1O5YpYoxFgveyg root@ubuntu-xenial
[[0;32m  OK  [0m] Started Initial cloud-init job (metadata service crawler).
[   12.697561] cloud-init[972]: The key's randomart image is:
[   12.702128] cloud-init[972]: +---[DSA 1024]----+
[[0;32m  OK  [0m] Reached target Cloud-config availability.
[[   12.702374] cloud-init[972]: |X=BB .           |
[   12.703776] cloud-init[972]: |=B*== .          |
[   12.704533] cloud-init[972]: |*oXOoo           |
[   12.704791] cloud-init[972]: |=Xo*o.o          |
[   12.705248] cloud-init[972]: |E.+ .+. S        |
[   12.705708] cloud-init[972]: | = o. ..         |
[   12.706168] cloud-init[972]: |  +              |
[   12.706643] cloud-init[972]: |   .             |
[   12.706942] cloud-init[972]: |                 |
[   12.707396] cloud-init[972]: +----[SHA256]-----+
[   12.707855] cloud-init[972]: Generating public/private ecdsa key pair.
[   12.708629] cloud-init[972]: Your identification has been saved in /etc/ssh/ssh_host_ecdsa_key.
[   12.709081] cloud-init[972]: Your public key has been saved in /etc/ssh/ssh_host_ecdsa_key.pub.
[   12.709540] cloud-init[972]: The key fingerprint is:
[   12.709999] cloud-init[972]: SHA256:dZlCGr6vlSsieunUY6X02XXOl6SoFlhtGcnDZ8NzQKg root@ubuntu-xenial
[   12.710445] cloud-init[972]: The key's randomart image is:
[   12.710636] cloud-init[972]: +---[ECDSA 256]---+
[   12.710770] cloud-init[972]: |        . + =o.  |
[   12.711239] cloud-init[972]: |       . + B O . |
[   12.711655] cloud-init[972]: |        o = X +  |
[   12.711793] cloud-init[972]: |         E *     |
[   12.712519] cloud-init[972]: |      . S . . .. |
[   12.712892] cloud-init[972]: |     o = = o.+o .|
[   12.713269] cloud-init[972]: |    ..= o *. .o..|
[   12.713662] cloud-init[972]: |   .+....+..   . |
[   12.714052] cloud-init[972]: |  .+.. .oo.      |
[   12.714448] cloud-init[972]: +----[SHA256]-----+
[   12.714835] cloud-init[972]: Generating public/private ed25519 key pair.
[   12.715244] cloud-init[972]: Your identification has been saved in /etc/ssh/ssh_host_ed25519_key.
[   12.715643] cloud-init[972]: Your public key has been saved in /etc/ssh/ssh_host_ed25519_key.pub.
[   12.716102] cloud-init[972]: The key fingerprint is:
[   12.716488] cloud-init[972]: SHA256:t7iDBnUDQRX5CmmCD2Ai7pfWxuZOdfFXdCRLznAHkh4 root@ubuntu-xenial
[   12.716908] cloud-init[972]: The key's randomart image is:
[   12.717334] cloud-init[972]: +--[ED25519 256]--+
[   12.717743] cloud-init[972]: |     .oooo  o.=++|
[   12.718154] cloud-init[972]: |+.    . .   EB.+.|
[   12.718594] cloud-init[972]: |=. .   o o . .+. |
[   12.718994] cloud-init[972]: | .o . = o + . .  |
[   12.719393] cloud-init[972]: |.  o++ +S+.. .   |
[   12.719804] cloud-init[972]: | . +o=. oo ..    |
[   12.720530] cloud-init[972]: |  o +o .. .      |
[   12.720942] cloud-init[972]: |    ..o ..       |
[   12.721328] cloud-init[972]: |    .o  ..       |
[   12.721761] cloud-init[972]: +----[SHA256]-----+
[0;32m  OK  [0m] Reached target Network is Online.
         Starting iSCSI initiator daemon (iscsid)...
[[0;32m  OK  [0m] Reached target System Initialization.
[[0;32m  OK  [0m] Started ACPI Events Check.
[[0;32m  OK  [0m] Reached target Paths.
         Starting Socket activation for snappy daemon.
[[0;32m  OK  [0m] Started Daily Cleanup of Temporary Directories.
[[0;32m  OK  [0m] Listening on UUID daemon activation socket.
[[0;32m  OK  [0m] Started Ubuntu Advantage update messaging.
         Starting LXD - unix socket.
[[0;32m  OK  [0m] Started Daily apt download activities.
[[0;32m  OK  [0m] Started Daily apt upgrade and clean activities.
[[0;32m  OK  [0m] Started Message of the Day.
[[0;32m  OK  [0m] Reached target Timers.
[[0;32m  OK  [0m] Listening on D-Bus System Message Bus Socket.
[[0;32m  OK  [0m] Listening on ACPID Listen Socket.
[[0;32m  OK  [0m] Listening on Socket activation for snappy daemon.
[[0;32m  OK  [0m] Listening on LXD - unix socket.
[[0;32m  OK  [0m] Reached target Sockets.
[[0;32m  OK  [0m] Reached target Basic System.
         Starting Pollinate to seed the pseudo random number generator...
         Starting LXD - container startup/shutdown...
         Starting LSB: Record successful boot for GRUB...
[[0;32m  OK  [0m] Started ACPI event daemon.
[[0;32m  OK  [0m] Started Regular background program processing daemon.
         Starting /etc/rc.local Compatibility...
         Starting Accounts Service...
         Starting System Logging Service...
[[0;32m  OK  [0m] Started Deferred execution scheduler.
         Starting Login Service...
[[0;32m  OK  [0m] Started FUSE filesystem for LXC.
         Starting Virtualbox guest utils...
[[0;32m  OK  [0m] Started D-Bus System Message Bus.
         Starting LSB: MD monitoring daemon...
         Starting Snap Daemon...
[[0;32m  OK  [0m] Started System Logging Service.
[[0;32m  OK  [0m] Started iSCSI initiator daemon (iscsid).
[[0;32m  OK  [0m] Started /etc/rc.local Compatibility.
         Starting Authenticate and Authorize Users to Run Privileged Tasks...
         Starting Login to default iSCSI targets...
[[0;32m  OK  [0m] Started Login Service.
[[0;32m  OK  [0m] Started Unattended Upgrades Shutdown.
[[0;32m  OK  [0m] Started LSB: Record successful boot for GRUB.
[[0;32m  OK  [0m] Started LSB: MD monitoring daemon.
[[0;32m  OK  [0m] Started Authenticate and Authorize Users to Run Privileged Tasks.
[[0;32m  OK  [0m] Started Accounts Service.
[[0;32m  OK  [0m] Started Login to default iSCSI targets.
[[0;32m  OK  [0m] Reached target Remote File Systems (Pre).
[[0;32m  OK  [0m] Reached target Remote File Systems.
         Starting LSB: daemon to balance interrupts for SMP systems...
         Starting LSB: Set the CPU Frequency Scaling governor to "ondemand"...
         Starting Permit User Sessions...
         Starting LSB: automatic crash report generation...
[[0;32m  OK  [0m] Started LXD - container startup/shutdown.
[[0;32m  OK  [0m] Started Permit User Sessions.
         Starting Hold until boot process finishes up...
         Starting Terminate Plymouth Boot Screen...
[[0;32m  OK  [0m] Started Hold until boot process finishes up.
[[0;32m  OK  [0m] Started Getty on tty1.
[[0;32m  OK  [0m] Started Serial Getty on ttyS0.
[[0;32m  OK  [0m] Reached target Login Prompts.
         Starting Set console scheme...
[[0;32m  OK  [0m] Started Terminate Plymouth Boot Screen.
[[0;32m  OK  [0m] Started Set console scheme.
[[0;32m  OK  [0m] Started LSB: automatic crash report generation.
[[0;32m  OK  [0m] Started LSB: Set the CPU Frequency Scaling governor to "ondemand".
[[0;32m  OK  [0m] Started LSB: daemon to balance interrupts for SMP systems.
[[0;32m  OK  [0m] Started Virtualbox guest utils.
[[0;32m  OK  [0m] Started Snap Daemon.
         Starting Wait until snapd is fully seeded...
[[0;32m  OK  [0m] Started Pollinate to seed the pseudo random number generator.
         Starting OpenBSD Secure Shell server...
[[0;32m  OK  [0m] Started OpenBSD Secure Shell server.
[[0;32m  OK  [0m] Created slice User Slice of vagrant.
         Starting User Manager for UID 1000...
[[0;32m  OK  [0m] Started Session 1 of user vagrant.
[[0;32m  OK  [0m] Started User Manager for UID 1000.
[[0;32m  OK  [0m] Started Wait until snapd is fully seeded.
[[0;32m  OK  [0m] Reached target Multi-User System.
[[0;32m  OK  [0m] Reached target Graphical Interface.
         Starting Update UTMP about System Runlevel Changes...
         Starting Apply the settings specified in cloud-config...
[[0;32m  OK  [0m] Started Update UTMP about System Runlevel Changes.
         Stopping User Manager for UID 1000...
[   15.625754] cloud-init[1482]: Generating locales (this might take a while)...
[[0;32m  OK  [0m] Stopped User Manager for UID 1000.
[[0;32m  OK  [0m] Removed slice User Slice of vagrant.
[[0;32m  OK  [0m] Created slice User Slice of vagrant.
         Starting User Manager for UID 1000...
[[0;32m  OK  [0m] Started Session 2 of user vagrant.
[[0;32m  OK  [0m] Started User Manager for UID 1000.
[   16.337178] cloud-init[1482]:   en_US.UTF-8... done
[   16.340152] cloud-init[1482]: Generation complete.
[   16.629623] cloud-init[1482]: Cloud-init v. 21.1-19-gbad84ad4-0ubuntu1~16.04.2 running 'modules:config' at Thu, 24 Feb 2022 13:37:44 +0000. Up 15.51 seconds.
[[0;32m  OK  [0m] Started Apply the settings specified in cloud-config.
         Starting Execute cloud user/final scripts...
         Starting Hostname Service...
[[0;32m  OK  [0m] Started Hostname Service.
ci-info: no authorized SSH keys fingerprints found for user ubuntu.
<14>Feb 24 13:37:45 ec2: 
<14>Feb 24 13:37:45 ec2: #############################################################
<14>Feb 24 13:37:45 ec2: -----BEGIN SSH HOST KEY FINGERPRINTS-----
<14>Feb 24 13:37:45 ec2: 1024 SHA256:AmhyQ5kx3a5NYOywDYLr9A5DYE8AE1O5YpYoxFgveyg root@ubuntu-xenial (DSA)
<14>Feb 24 13:37:45 ec2: 256 SHA256:dZlCGr6vlSsieunUY6X02XXOl6SoFlhtGcnDZ8NzQKg root@ubuntu-xenial (ECDSA)
<14>Feb 24 13:37:45 ec2: 256 SHA256:t7iDBnUDQRX5CmmCD2Ai7pfWxuZOdfFXdCRLznAHkh4 root@ubuntu-xenial (ED25519)
<14>Feb 24 13:37:45 ec2: 2048 SHA256:WMQWyb3Zx7wILhG1QecMGob5pcKpcsflrlYU/7a7BTc root@ubuntu-xenial (RSA)
<14>Feb 24 13:37:45 ec2: -----END SSH HOST KEY FINGERPRINTS-----
<14>Feb 24 13:37:45 ec2: #############################################################
-----BEGIN SSH HOST KEY KEYS-----
ecdsa-sha2-nistp256 AAAAE2VjZHNhLXNoYTItbmlzdHAyNTYAAAAIbmlzdHAyNTYAAABBBEtep+ROUyFnag/QGDD5RtN3rPL47BFuVSqvXAAXjXVDJfyOLnlzp3W+EN5Tegk5ocHzTtFvdmiHcaIIPJM7IhQ= root@ubuntu-xenial
ssh-ed25519 AAAAC3NzaC1lZDI1NTE5AAAAIOT0IvaXR8yJ5SHoA4ztgSoKkLi5Eodv3f3c6Rvk+8AW root@ubuntu-xenial
ssh-rsa AAAAB3NzaC1yc2EAAAADAQABAAABAQCl8AcZdxgzhrXyqzkSz3RjOxNlc7N85yZ4O6Qc94kYhcHeutzGe1sQYdQTPOlWiYsFVbmURVkwtkX2J6wyou4om0mpw5aYrTtpLSPRbXk4eeOMEiv7WpsQyRYTBSHNF/9S6FqyrO9wI/F9wJoSS03yw+crE0lji0Th8nze+9yW+li0LpMlNBaLx6UFopV/K79qZkSeJzctXYHLx42H1+9pu5mV1EJ3BoJc6m3JJZKwZN2sLUwsSLfOByB7UXUMszMhQ/CVQGBIa9jYZvXV01aRtK43r+xEVZWo85TZEqOTb5Lp5U44D08yzbJR4Rz/5edsDyTZ1UckRm0TUONUmc0T root@ubuntu-xenial
-----END SSH HOST KEY KEYS-----
[   17.105431] cloud-init[1627]: Cloud-init v. 21.1-19-gbad84ad4-0ubuntu1~16.04.2 running 'modules:final' at Thu, 24 Feb 2022 13:37:45 +0000. Up 16.95 seconds.
[   17.107303] cloud-init[1627]: ci-info: no authorized SSH keys fingerprints found for user ubuntu.
[   17.108954] cloud-init[1627]: Cloud-init v. 21.1-19-gbad84ad4-0ubuntu1~16.04.2 finished at Thu, 24 Feb 2022 13:37:45 +0000. Datasource DataSourceNoCloud [seed=/dev/sdb][dsmode=net].  Up 17.09 seconds
[[0;32m  OK  [0m] Started Execute cloud user/final scripts.
[[0;32m  OK  [0m] Reached target Cloud-init target.

Ubuntu 16.04.7 LTS ubuntu-xenial ttyS0

ubuntu-xenial login: 