[    0.000000] Initializing cgroup subsys cpuset
[    0.000000] Initializing cgroup subsys cpu
[    0.000000] Initializing cgroup subsys cpuacct
[    0.000000] Linux version 4.4.0-210-generic (buildd@lgw01-amd64-009) (gcc version 5.4.0 20160609 (Ubuntu 5.4.0-6ubuntu1~16.04.12) ) #242-Ubuntu SMP Fri Apr 16 09:57:56 UTC 2021 (Ubuntu 4.4.0-210.242-generic 4.4.262)
[    0.000000] Command line: BOOT_IMAGE=/boot/vmlinuz-4.4.0-210-generic root=LABEL=cloudimg-rootfs ro console=tty1 console=ttyS0
[    0.000000] KERNEL supported cpus:
[    0.000000]   Intel GenuineIntel
[    0.000000]   AMD AuthenticAMD
[    0.000000]   Centaur CentaurHauls
[    0.000000] x86/fpu: xstate_offset[2]:  576, xstate_sizes[2]:  256
[    0.000000] x86/fpu: Supporting XSAVE feature 0x01: 'x87 floating point registers'
[    0.000000] x86/fpu: Supporting XSAVE feature 0x02: 'SSE registers'
[    0.000000] x86/fpu: Supporting XSAVE feature 0x04: 'AVX registers'
[    0.000000] x86/fpu: Enabled xstate features 0x7, context size is 832 bytes, using 'standard' format.
[    0.000000] e820: BIOS-provided physical RAM map:
[    0.000000] BIOS-e820: [mem 0x0000000000000000-0x000000000009fbff] usable
[    0.000000] BIOS-e820: [mem 0x000000000009fc00-0x000000000009ffff] reserved
[    0.000000] BIOS-e820: [mem 0x00000000000f0000-0x00000000000fffff] reserved
[    0.000000] BIOS-e820: [mem 0x0000000000100000-0x000000003ffeffff] usable
[    0.000000] BIOS-e820: [mem 0x000000003fff0000-0x000000003fffffff] ACPI data
[    0.000000] BIOS-e820: [mem 0x00000000fec00000-0x00000000fec00fff] reserved
[    0.000000] BIOS-e820: [mem 0x00000000fee00000-0x00000000fee00fff] reserved
[    0.000000] BIOS-e820: [mem 0x00000000fffc0000-0x00000000ffffffff] reserved
[    0.000000] NX (Execute Disable) protection: active
[    0.000000] SMBIOS 2.5 present.
[    0.000000] Hypervisor detected: KVM
[    0.000000] e820: last_pfn = 0x3fff0 max_arch_pfn = 0x400000000
[    0.000000] MTRR: Disabled
[    0.000000] x86/PAT: MTRRs disabled, skipping PAT initialization too.
[    0.000000] CPU MTRRs all blank - virtualized system.
[    0.000000] x86/PAT: Configuration [0-7]: WB  WT  UC- UC  WB  WT  UC- UC  
[    0.000000] found SMP MP-table at [mem 0x0009fff0-0x0009ffff] mapped at [ffff88000009fff0]
[    0.000000] Scanning 1 areas for low memory corruption
[    0.000000] RAMDISK: [mem 0x362dc000-0x37165fff]
[    0.000000] ACPI: Early table checksum verification disabled
[    0.000000] ACPI: RSDP 0x00000000000E0000 000024 (v02 VBOX  )
[    0.000000] ACPI: XSDT 0x000000003FFF0030 00003C (v01 VBOX   VBOXXSDT 00000001 ASL  00000061)
[    0.000000] ACPI: FACP 0x000000003FFF00F0 0000F4 (v04 VBOX   VBOXFACP 00000001 ASL  00000061)
[    0.000000] ACPI: DSDT 0x000000003FFF0470 002325 (v02 VBOX   VBOXBIOS 00000002 INTL 20190509)
[    0.000000] ACPI: FACS 0x000000003FFF0200 000040
[    0.000000] ACPI: FACS 0x000000003FFF0200 000040
[    0.000000] ACPI: APIC 0x000000003FFF0240 00005C (v02 VBOX   VBOXAPIC 00000001 ASL  00000061)
[    0.000000] ACPI: SSDT 0x000000003FFF02A0 0001CC (v01 VBOX   VBOXCPUT 00000002 INTL 20190509)
[    0.000000] No NUMA configuration found
[    0.000000] Faking a node at [mem 0x0000000000000000-0x000000003ffeffff]
[    0.000000] NODE_DATA(0) allocated [mem 0x3ffeb000-0x3ffeffff]
[    0.000000] kvm-clock: Using msrs 4b564d01 and 4b564d00
[    0.000000] kvm-clock: cpu 0, msr 0:3ffe3001, primary cpu clock
[    0.000000] kvm-clock: using sched offset of 3219176832 cycles
[    0.000000] clocksource: kvm-clock: mask: 0xffffffffffffffff max_cycles: 0x1cd42e4dffb, max_idle_ns: 881590591483 ns
[    0.000000] Zone ranges:
[    0.000000]   DMA      [mem 0x0000000000001000-0x0000000000ffffff]
[    0.000000]   DMA32    [mem 0x0000000001000000-0x000000003ffeffff]
[    0.000000]   Normal   empty
[    0.000000]   Device   empty
[    0.000000] Movable zone start for each node
[    0.000000] Early memory node ranges
[    0.000000]   node   0: [mem 0x0000000000001000-0x000000000009efff]
[    0.000000]   node   0: [mem 0x0000000000100000-0x000000003ffeffff]
[    0.000000] Initmem setup node 0 [mem 0x0000000000001000-0x000000003ffeffff]
[    0.000000] ACPI: PM-Timer IO Port: 0x4008
[    0.000000] IOAPIC[0]: apic_id 2, version 32, address 0xfec00000, GSI 0-23
[    0.000000] ACPI: INT_SRC_OVR (bus 0 bus_irq 0 global_irq 2 dfl dfl)
[    0.000000] ACPI: INT_SRC_OVR (bus 0 bus_irq 9 global_irq 9 low level)
[    0.000000] Using ACPI (MADT) for SMP configuration information
[    0.000000] smpboot: Allowing 2 CPUs, 0 hotplug CPUs
[    0.000000] PM: Registered nosave memory: [mem 0x00000000-0x00000fff]
[    0.000000] PM: Registered nosave memory: [mem 0x0009f000-0x0009ffff]
[    0.000000] PM: Registered nosave memory: [mem 0x000a0000-0x000effff]
[    0.000000] PM: Registered nosave memory: [mem 0x000f0000-0x000fffff]
[    0.000000] e820: [mem 0x40000000-0xfebfffff] available for PCI devices
[    0.000000] Booting paravirtualized kernel on KVM
[    0.000000] clocksource: refined-jiffies: mask: 0xffffffff max_cycles: 0xffffffff, max_idle_ns: 7645519600211568 ns
[    0.000000] setup_percpu: NR_CPUS:512 nr_cpumask_bits:512 nr_cpu_ids:2 nr_node_ids:1
[    0.000000] PERCPU: Embedded 33 pages/cpu @ffff88003fc00000 s95192 r8192 d31784 u1048576
[    0.000000] Built 1 zonelists in Node order, mobility grouping on.  Total pages: 257912
[    0.000000] Policy zone: DMA32
[    0.000000] Kernel command line: BOOT_IMAGE=/boot/vmlinuz-4.4.0-210-generic root=LABEL=cloudimg-rootfs ro console=tty1 console=ttyS0
[    0.000000] PID hash table entries: 4096 (order: 3, 32768 bytes)
[    0.000000] Memory: 997792K/1048120K available (8644K kernel code, 1332K rwdata, 4044K rodata, 1492K init, 1164K bss, 50328K reserved, 0K cma-reserved)
[    0.000000] SLUB: HWalign=64, Order=0-3, MinObjects=0, CPUs=2, Nodes=1
[    0.000000] Kernel/User page tables isolation: enabled
[    0.000000] Hierarchical RCU implementation.
[    0.000000] 	Build-time adjustment of leaf fanout to 64.
[    0.000000] 	RCU restricting CPUs from NR_CPUS=512 to nr_cpu_ids=2.
[    0.000000] RCU: Adjusting geometry for rcu_fanout_leaf=64, nr_cpu_ids=2
[    0.000000] NR_IRQS:33024 nr_irqs:440 16
[    0.000000] Console: colour VGA+ 80x25
[    0.000000] console [tty1] enabled
[    0.000000] console [ttyS0] enabled
[    0.000000] tsc: Detected 2592.002 MHz processor
[    0.147539] Calibrating delay loop (skipped) preset value.. 5184.00 BogoMIPS (lpj=10368008)
[    0.149408] pid_max: default: 32768 minimum: 301
[    0.150409] ACPI: Core revision 20150930
[    0.152402] ACPI: 2 ACPI AML tables successfully acquired and loaded
[    0.153792] Security Framework initialized
[    0.154688] Yama: becoming mindful.
[    0.155590] AppArmor: AppArmor initialized
[    0.156595] Dentry cache hash table entries: 131072 (order: 8, 1048576 bytes)
[    0.158834] Inode-cache hash table entries: 65536 (order: 7, 524288 bytes)
[    0.160296] Mount-cache hash table entries: 2048 (order: 2, 16384 bytes)
[    0.161634] Mountpoint-cache hash table entries: 2048 (order: 2, 16384 bytes)
[    0.163170] Initializing cgroup subsys io
[    0.164197] Initializing cgroup subsys memory
[    0.165168] Initializing cgroup subsys devices
[    0.166162] Initializing cgroup subsys freezer
[    0.167196] Initializing cgroup subsys net_cls
[    0.168162] Initializing cgroup subsys perf_event
[    0.169166] Initializing cgroup subsys net_prio
[    0.170148] Initializing cgroup subsys hugetlb
[    0.171199] Initializing cgroup subsys pids
[    0.187114] mce: CPU supports 0 MCE banks
[    0.188081] Last level iTLB entries: 4KB 64, 2MB 8, 4MB 8
[    0.189239] Last level dTLB entries: 4KB 64, 2MB 0, 4MB 0, 1GB 4
[    0.190439] Spectre V1 : Mitigation: usercopy/swapgs barriers and __user pointer sanitization
[    0.192317] Spectre V2 : Mitigation: Full generic retpoline
[    0.193453] Spectre V2 : Spectre v2 / SpectreRSB mitigation: Filling RSB on context switch
[    0.195240] Speculative Store Bypass: Vulnerable
[    0.196239] SRBDS: Unknown: Dependent on hypervisor status
[    0.197460] MDS: Mitigation: Clear CPU buffers
[    0.201541] Freeing SMP alternatives memory: 36K
[    0.209473] ftrace: allocating 32380 entries in 127 pages
[    0.278464] smpboot: APIC(0) Converting physical 0 to logical package 0
[    0.279911] smpboot: Max logical packages: 1
[    0.281146] x2apic enabled
[    0.282145] Switched APIC routing to physical x2apic.
[    0.284485] ..TIMER: vector=0x30 apic1=0 pin1=2 apic2=-1 pin2=-1
[    0.393845] smpboot: CPU0: Intel(R) Core(TM) i7-9750H CPU @ 2.60GHz (family: 0x6, model: 0x9e, stepping: 0xa)
[    0.396121] Performance Events: unsupported p6 CPU model 158 no PMU driver, software events only.
[    0.410602] KVM setup paravirtual spinlock
[    0.412476] x86: Booting SMP configuration:
[    0.413417] .... node  #0, CPUs:      #1
[    0.414441] kvm-clock: cpu 1, msr 0:3ffe3041, secondary cpu clock
[    0.430706] mce: CPU supports 0 MCE banks
[    0.433320] x86: Booted up 1 node, 2 CPUs
[    0.434423] smpboot: Total of 2 processors activated (10368.00 BogoMIPS)
[    0.436226] devtmpfs: initialized
[    0.439305] evm: security.selinux
[    0.440120] evm: security.SMACK64
[    0.440923] evm: security.SMACK64EXEC
[    0.441834] evm: security.SMACK64TRANSMUTE
[    0.442731] evm: security.SMACK64MMAP
[    0.443561] evm: security.ima
[    0.444284] evm: security.capability
[    0.445327] clocksource: jiffies: mask: 0xffffffff max_cycles: 0xffffffff, max_idle_ns: 7645041785100000 ns
[    0.447340] futex hash table entries: 512 (order: 3, 32768 bytes)
[    0.448741] pinctrl core: initialized pinctrl subsystem
[    0.449960] RTC time:  9:43:59, date: 02/24/22
[    0.451280] NET: Registered protocol family 16
[    0.465380] cpuidle: using governor ladder
[    0.477325] cpuidle: using governor menu
[    0.478287] PCCT header not found.
[    0.479273] ACPI: bus type PCI registered
[    0.480174] acpiphp: ACPI Hot Plug PCI Controller Driver version: 0.5
[    0.481609] PCI: Using configuration type 1 for base access
[    0.498256] ACPI: Added _OSI(Module Device)
[    0.499293] ACPI: Added _OSI(Processor Device)
[    0.500274] ACPI: Added _OSI(3.0 _SCP Extensions)
[    0.501306] ACPI: Added _OSI(Processor Aggregator Device)
[    0.503174] ACPI: Executed 1 blocks of module-level executable AML code
[    0.506790] ACPI: Interpreter enabled
[    0.507657] ACPI: (supports S0 S5)
[    0.508457] ACPI: Using IOAPIC for interrupt routing
[    0.509693] PCI: Using host bridge windows from ACPI; if necessary, use "pci=nocrs" and report a bug
[    0.515386] ACPI: PCI Root Bridge [PCI0] (domain 0000 [bus 00-ff])
[    0.516641] acpi PNP0A03:00: _OSC: OS supports [ASPM ClockPM Segments MSI]
[    0.518386] acpi PNP0A03:00: _OSC: not requesting OS control; OS requires [ExtendedConfig ASPM ClockPM MSI]
[    0.520754] acpi PNP0A03:00: fail to add MMCONFIG information, can't access extended PCI configuration space under this bridge.
[    0.524381] PCI host bridge to bus 0000:00
[    0.525583] pci_bus 0000:00: root bus resource [io  0x0000-0x0cf7 window]
[    0.526908] pci_bus 0000:00: root bus resource [io  0x0d00-0xffff window]
[    0.528226] pci_bus 0000:00: root bus resource [mem 0x000a0000-0x000bffff window]
[    0.529890] pci_bus 0000:00: root bus resource [mem 0x40000000-0xfdffffff window]
[    0.531571] pci_bus 0000:00: root bus resource [bus 00-ff]
[    0.534434] pci 0000:00:01.1: legacy IDE quirk: reg 0x10: [io  0x01f0-0x01f7]
[    0.535797] pci 0000:00:01.1: legacy IDE quirk: reg 0x14: [io  0x03f6]
[    0.537116] pci 0000:00:01.1: legacy IDE quirk: reg 0x18: [io  0x0170-0x0177]
[    0.548601] pci 0000:00:01.1: legacy IDE quirk: reg 0x1c: [io  0x0376]
[    0.562495] pci 0000:00:07.0: quirk: [io  0x4000-0x403f] claimed by PIIX4 ACPI
[    0.564186] pci 0000:00:07.0: quirk: [io  0x4100-0x410f] claimed by PIIX4 SMB
[    0.573237] ACPI: PCI Interrupt Link [LNKA] (IRQs 5 9 10 *11)
[    0.575242] ACPI: PCI Interrupt Link [LNKB] (IRQs 5 9 *10 11)
[    0.577106] ACPI: PCI Interrupt Link [LNKC] (IRQs 5 *9 10 11)
[    0.578947] ACPI: PCI Interrupt Link [LNKD] (IRQs 5 9 10 *11)
[    0.580756] ACPI: Enabled 2 GPEs in block 00 to 07
[    0.582249] vgaarb: setting as boot device: PCI:0000:00:02.0
[    0.583409] vgaarb: device added: PCI:0000:00:02.0,decodes=io+mem,owns=io+mem,locks=none
[    0.585185] vgaarb: loaded
[    0.585876] vgaarb: bridge control possible 0000:00:02.0
[    0.587281] SCSI subsystem initialized
[    0.588319] ACPI: bus type USB registered
[    0.589277] usbcore: registered new interface driver usbfs
[    0.590472] usbcore: registered new interface driver hub
[    0.591574] usbcore: registered new device driver usb
[    0.593537] PCI: Using ACPI for IRQ routing
[    0.594818] NetLabel: Initializing
[    0.595643] NetLabel:  domain hash size = 128
[    0.596591] NetLabel:  protocols = UNLABELED CIPSOv4
[    0.597685] NetLabel:  unlabeled traffic allowed by default
[    0.598968] amd_nb: Cannot enumerate AMD northbridges
[    0.600120] clocksource: Switched to clocksource kvm-clock
[    0.607989] AppArmor: AppArmor Filesystem Enabled
[    0.609140] pnp: PnP ACPI init
[    0.610672] pnp: PnP ACPI: found 3 devices
[    0.620097] clocksource: acpi_pm: mask: 0xffffff max_cycles: 0xffffff, max_idle_ns: 2085701024 ns
[    0.622103] NET: Registered protocol family 2
[    0.623234] TCP established hash table entries: 8192 (order: 4, 65536 bytes)
[    0.624705] TCP bind hash table entries: 8192 (order: 5, 131072 bytes)
[    0.626011] TCP: Hash tables configured (established 8192 bind 8192)
[    0.627285] UDP hash table entries: 512 (order: 2, 16384 bytes)
[    0.628512] UDP-Lite hash table entries: 512 (order: 2, 16384 bytes)
[    0.629822] NET: Registered protocol family 1
[    0.630819] pci 0000:00:00.0: Limiting direct PCI/PCI transfers
[    0.632032] pci 0000:00:01.0: Activating ISA DMA hang workarounds
[    0.633424] Unpacking initramfs...
[    0.876496] Freeing initrd memory: 14888K
[    0.877658] clocksource: tsc: mask: 0xffffffffffffffff max_cycles: 0x255cb8d7d74, max_idle_ns: 440795265546 ns
[    0.879761] platform rtc_cmos: registered platform RTC device (no PNP device found)
[    0.881524] Scanning for low memory corruption every 60 seconds
[    0.883333] audit: initializing netlink subsys (disabled)
[    0.884495] audit: type=2000 audit(1645695845.099:1): initialized
[    0.886123] Initialise system trusted keyring
[    0.887434] HugeTLB registered 2 MB page size, pre-allocated 0 pages
[    0.890182] zbud: loaded
[    0.891331] VFS: Disk quotas dquot_6.6.0
[    0.892274] VFS: Dquot-cache hash table entries: 512 (order 0, 4096 bytes)
[    0.894024] squashfs: version 4.0 (2009/01/31) Phillip Lougher
[    0.895582] fuse init (API version 7.23)
[    0.896670] Key type big_key registered
[    0.897574] Allocating IMA MOK and blacklist keyrings.
[    0.899338] Key type asymmetric registered
[    0.900261] Asymmetric key parser 'x509' registered
[    0.901452] Block layer SCSI generic (bsg) driver version 0.4 loaded (major 249)
[    0.903226] io scheduler noop registered
[    0.904120] io scheduler deadline registered (default)
[    0.905307] io scheduler cfq registered
[    0.906314] pci_hotplug: PCI Hot Plug PCI Core version: 0.5
[    0.907472] pciehp: PCI Express Hot Plug Controller Driver version: 0.4
[    0.908980] ACPI: AC Adapter [AC] (off-line)
[    0.910004] input: Power Button as /devices/LNXSYSTM:00/LNXPWRBN:00/input/input0
[    0.911643] ACPI: Power Button [PWRF]
[    0.912590] input: Sleep Button as /devices/LNXSYSTM:00/LNXSLPBN:00/input/input1
[    0.914276] ACPI: Sleep Button [SLPF]
[    0.915962] ACPI: Battery Slot [BAT0] (battery present)
[    0.917153] GHES: HEST is not enabled!
[    0.918097] Serial: 8250/16550 driver, 32 ports, IRQ sharing enabled
[    0.939988] 00:02: ttyS0 at I/O 0x3f8 (irq = 4, base_baud = 115200) is a 16550A
[    0.942907] Linux agpgart interface v0.103
[    0.945755] loop: module loaded
[    0.947126] scsi host0: ata_piix
[    0.948062] scsi host1: ata_piix
[    0.948912] ata1: PATA max UDMA/33 cmd 0x1f0 ctl 0x3f6 bmdma 0xd000 irq 14
[    0.950322] ata2: PATA max UDMA/33 cmd 0x170 ctl 0x376 bmdma 0xd008 irq 15
[    0.951772] libphy: Fixed MDIO Bus: probed
[    0.952757] tun: Universal TUN/TAP device driver, 1.6
[    0.953831] tun: (C) 1999-2004 Max Krasnyansky <maxk@qualcomm.com>
[    0.955106] PPP generic driver version 2.4.2
[    0.956131] ehci_hcd: USB 2.0 'Enhanced' Host Controller (EHCI) Driver
[    0.957477] ehci-pci: EHCI PCI platform driver
[    0.958465] ehci-platform: EHCI generic platform driver
[    0.959622] ohci_hcd: USB 1.1 'Open' Host Controller (OHCI) Driver
[    0.960931] ohci-pci: OHCI PCI platform driver
[    0.961967] ohci-platform: OHCI generic platform driver
[    0.963097] uhci_hcd: USB Universal Host Controller Interface driver
[    0.964440] i8042: PNP: PS/2 Controller [PNP0303:PS2K,PNP0f03:PS2M] at 0x60,0x64 irq 1,12
[    0.966780] serio: i8042 KBD port at 0x60,0x64 irq 1
[    0.967844] serio: i8042 AUX port at 0x60,0x64 irq 12
[    0.969054] mousedev: PS/2 mouse device common for all mice
[    0.970607] rtc_cmos rtc_cmos: rtc core: registered rtc_cmos as rtc0
[    0.971995] rtc_cmos rtc_cmos: alarms up to one day, 114 bytes nvram
[    0.973344] i2c /dev entries driver
[    0.974246] device-mapper: uevent: version 1.0.3
[    0.975330] input: AT Translated Set 2 keyboard as /devices/platform/i8042/serio0/input/input2
[    0.977397] device-mapper: ioctl: 4.34.0-ioctl (2015-10-28) initialised: dm-devel@redhat.com
[    0.979283] ledtrig-cpu: registered to indicate activity on CPUs
[    0.980949] NET: Registered protocol family 10
[    0.982259] NET: Registered protocol family 17
[    0.983270] Key type dns_resolver registered
[    0.984976] registered taskstats version 1
[    0.985958] Loading compiled-in X.509 certificates
[    0.987616] Loaded X.509 cert 'Build time autogenerated kernel key: cf00e047681d67edb2720680708b7d9498083038'
[    0.989711] zswap: loaded using pool lzo/zbud
[    0.992639] Key type trusted registered
[    0.996812] Key type encrypted registered
[    0.997716] AppArmor: AppArmor sha1 policy hashing enabled
[    0.998841] ima: No TPM chip found, activating TPM-bypass!
[    1.000002] ima: Allocated hash algorithm: sha1
[    1.001058] evm: HMAC attrs: 0x1
[    1.002159]   Magic number: 10:416:728
[    1.003129] rtc_cmos rtc_cmos: setting system clock to 2022-02-24 09:44:00 UTC (1645695840)
[    1.005132] BIOS EDD facility v0.16 2004-Jun-25, 0 devices found
[    1.006385] EDD information not available.
[    1.785697] Freeing unused kernel memory: 1492K
[    1.786781] Write protecting the kernel read-only data: 14336k
[    1.788497] Freeing unused kernel memory: 1584K
[    1.789694] Freeing unused kernel memory: 52K
Loading, please wait...
starting version 229
[    1.805984] random: systemd-udevd: uninitialized urandom read (16 bytes read, 3 bits of entropy available)
[    1.806668] random: udevadm: uninitialized urandom read (16 bytes read, 3 bits of entropy available)
[    1.806701] random: udevadm: uninitialized urandom read (16 bytes read, 3 bits of entropy available)
[    1.812156] random: systemd-udevd: uninitialized urandom read (16 bytes read, 3 bits of entropy available)
[    1.814309] random: systemd-udevd: uninitialized urandom read (16 bytes read, 3 bits of entropy available)
[    1.815531] random: udevadm: uninitialized urandom read (16 bytes read, 3 bits of entropy available)
[    1.815590] random: udevadm: uninitialized urandom read (16 bytes read, 3 bits of entropy available)
[    1.815755] random: udevadm: uninitialized urandom read (16 bytes read, 3 bits of entropy available)
[    1.815823] random: udevadm: uninitialized urandom read (16 bytes read, 3 bits of entropy available)
[    1.815888] random: udevadm: uninitialized urandom read (16 bytes read, 3 bits of entropy available)
[    1.867076] e1000: Intel(R) PRO/1000 Network Driver - version 7.3.21-k8-NAPI
[    1.868575] e1000: Copyright (c) 1999-2006 Intel Corporation.
[    1.869892] Fusion MPT base driver 3.04.20
[    1.870965] Copyright (c) 1999-2008 LSI Corporation
[    1.878961] Fusion MPT SPI Host driver 3.04.20
[    1.898975] AVX2 version of gcm_enc/dec engaged.
[    1.900041] AES CTR mode by8 optimization enabled
[    2.102100] input: ImExPS/2 Generic Explorer Mouse as /devices/platform/i8042/serio1/input/input4
[    2.794322] e1000 0000:00:03.0 eth0: (PCI:33MHz:32-bit) 02:be:82:6b:cc:1d
[    2.795735] e1000 0000:00:03.0 eth0: Intel(R) PRO/1000 Network Connection
[    3.794389] e1000 0000:00:08.0 eth1: (PCI:33MHz:32-bit) 08:00:27:40:db:5e
[    3.795806] e1000 0000:00:08.0 eth1: Intel(R) PRO/1000 Network Connection
[    3.797894] mptbase: ioc0: Initiating bringup
[    3.798421] e1000 0000:00:08.0 enp0s8: renamed from eth1
[    3.812827] e1000 0000:00:03.0 enp0s3: renamed from eth0
[    3.864584] ioc0: LSI53C1030 A0: Capabilities={Initiator}
[    4.032009] scsi host2: ioc0: LSI53C1030 A0, FwRev=00000000h, Ports=1, MaxQ=256, IRQ=20
[    4.150146] scsi 2:0:0:0: Direct-Access     VBOX     HARDDISK         1.0  PQ: 0 ANSI: 5
[    4.156131] scsi target2:0:0: Beginning Domain Validation
[    4.167818] scsi target2:0:0: Domain Validation skipping write tests
[    4.172219] scsi target2:0:0: Ending Domain Validation
[    4.176081] scsi target2:0:0: asynchronous
[    4.181959] scsi 2:0:1:0: Direct-Access     VBOX     HARDDISK         1.0  PQ: 0 ANSI: 5
[    4.204665] scsi target2:0:1: Beginning Domain Validation
[    4.208183] scsi target2:0:1: Domain Validation skipping write tests
[    4.209539] scsi target2:0:1: Ending Domain Validation
[    4.210704] scsi target2:0:1: asynchronous
[    4.216838] sd 2:0:0:0: Attached scsi generic sg0 type 0
[    4.217239] sd 2:0:0:0: [sda] 83886080 512-byte logical blocks: (42.9 GB/40.0 GiB)
[    4.217431] sd 2:0:0:0: [sda] Write Protect is off
[    4.217548] sd 2:0:0:0: [sda] Incomplete mode parameter data
[    4.217550] sd 2:0:0:0: [sda] Assuming drive cache: write through
[    4.223922] sd 2:0:1:0: [sdb] 20480 512-byte logical blocks: (10.5 MB/10.0 MiB)
[    4.224187] sd 2:0:1:0: Attached scsi generic sg1 type 0
[    4.227215] sd 2:0:1:0: [sdb] Write Protect is off
[    4.228580] sd 2:0:1:0: [sdb] Incomplete mode parameter data
[    4.229793] sd 2:0:1:0: [sdb] Assuming drive cache: write through
[    4.231022]  sda: sda1
[    4.233064] sd 2:0:0:0: [sda] Attached SCSI disk
[    4.236244] sd 2:0:1:0: [sdb] Attached SCSI disk
Begin: Loading essential drivers ... [    5.614145] md: linear personality registered for level -1
[    5.617973] md: multipath personality registered for level -4
[    5.621454] md: raid0 personality registered for level 0
[    5.625870] md: raid1 personality registered for level 1
[    5.696181] raid6: sse2x1   gen()  9250 MB/s
[    5.764140] raid6: sse2x1   xor()  6873 MB/s
[    5.832178] raid6: sse2x2   gen() 11305 MB/s
[    5.900180] raid6: sse2x2   xor()  7754 MB/s
[    5.968151] raid6: sse2x4   gen() 12698 MB/s
[    6.036177] raid6: sse2x4   xor()  8274 MB/s
[    6.104185] raid6: avx2x1   gen() 15994 MB/s
[    6.172173] raid6: avx2x2   gen() 20633 MB/s
[    6.240148] raid6: avx2x4   gen() 22811 MB/s
[    6.241122] raid6: using algorithm avx2x4 gen() 22811 MB/s
[    6.242280] raid6: using avx2x2 recovery algorithm
[    6.244815] xor: automatically using best checksumming function:
[    6.347637]    avx       : 66382.000 MB/sec
[    6.350006] async_tx: api initialized (async)
[    6.359408] md: raid6 personality registered for level 6
[    6.360605] md: raid5 personality registered for level 5
[    6.361720] md: raid4 personality registered for level 4
[    6.369899] md: raid10 personality registered for level 10
done.
Begin: Running /scripts/init-premount ... done.
Begin: Mounting root file system ... Begin: Running /scripts/local-top ... done.
Begin: Running /scripts/local-premount ... [    6.403623] Btrfs loaded
Scanning for Btrfs filesystems
done.
Warning: fsck not present, so skipping root file system
[    6.479254] EXT4-fs (sda1): mounted filesystem with ordered data mode. Opts: (null)
done.
Begin: Running /scripts/local-bottom ... done.
Begin: Running /scripts/init-bottom ... done.
[    6.602448] systemd[1]: systemd 229 running in system mode. (+PAM +AUDIT +SELINUX +IMA +APPARMOR +SMACK +SYSVINIT +UTMP +LIBCRYPTSETUP +GCRYPT +GNUTLS +ACL +XZ -LZ4 +SECCOMP +BLKID +ELFUTILS +KMOD -IDN)
[    6.606287] systemd[1]: Detected virtualization oracle.
[    6.607451] systemd[1]: Detected architecture x86-64.

Welcome to [1mUbuntu 16.04.7 LTS[0m!

[    6.610679] systemd[1]: Set hostname to <web01>.
[    6.755698] systemd[1]: Listening on LVM2 poll daemon socket.
[[0;32m  OK  [0m] Listening on LVM2 poll daemon socket.
[    6.757970] systemd[1]: Listening on /dev/initctl Compatibility Named Pipe.
[[0;32m  OK  [0m] Listening on /dev/initctl Compatibility Named Pipe.
[    6.760405] systemd[1]: Started Trigger resolvconf update for networkd DNS.
[[0;32m  OK  [0m] Started Trigger resolvconf update for networkd DNS.
[    6.762832] systemd[1]: Listening on udev Control Socket.
[[0;32m  OK  [0m] Listening on udev Control Socket.
[    6.764646] systemd[1]: Listening on Journal Audit Socket.
[[0;32m  OK  [0m] Listening on Journal Audit Socket.
[    6.766907] systemd[1]: Created slice User and Session Slice.
[[0;32m  OK  [0m] Created slice User and Session Slice.
[    6.776293] systemd[1]: Reached target Encrypted Volumes.
[[0;32m  OK  [0m] Reached target Encrypted Volumes.
[    6.778155] systemd[1]: Listening on Device-mapper event daemon FIFOs.
[[0;32m  OK  [0m] Listening on Device-mapper event daemon FIFOs.
[    6.780298] systemd[1]: Reached target System Time Synchronized.
[[0;32m  OK  [0m] Reached target System Time Synchronized.
[    6.788317] systemd[1]: Listening on LVM2 metadata daemon socket.
[[0;32m  OK  [0m] Listening on LVM2 metadata daemon socket.
[    6.790401] systemd[1]: Listening on Journal Socket (/dev/log).
[[0;32m  OK  [0m] Listening on Journal Socket (/dev/log).
[    6.792524] systemd[1]: Reached target User and Group Name Lookups.
[[0;32m  OK  [0m] Reached target User and Group Name Lookups.
[    6.794786] systemd[1]: Listening on udev Kernel Socket.
[[0;32m  OK  [0m] Listening on udev Kernel Socket.
[    6.796786] systemd[1]: Reached target Swap.
[[0;32m  OK  [0m] Reached target Swap.
[    6.798439] systemd[1]: Listening on Syslog Socket.
[[0;32m  OK  [0m] Listening on Syslog Socket.
[    6.800131] systemd[1]: Started Forward Password Requests to Wall Directory Watch.
[[0;32m  OK  [0m] Started Forward Password Requests to Wall Directory Watch.
[    6.803045] systemd[1]: Set up automount Arbitrary Executable File Formats File System Automount Point.
[[0;32m  OK  [0m] Set up automount Arbitrary Executab...ats File System Automount Point.
[    6.806310] systemd[1]: Created slice System Slice.
[[0;32m  OK  [0m] Created slice System Slice.
[    6.808499] systemd[1]: Created slice system-serial\x2dgetty.slice.
[[0;32m  OK  [0m] Created slice system-serial\x2dgetty.slice.
[    6.810741] systemd[1]: Reached target Slices.
[[0;32m  OK  [0m] Reached target Slices.
[    6.812475] systemd[1]: Listening on Journal Socket.
[[0;32m  OK  [0m] Listening on Journal Socket.
[    6.824312] systemd[1]: Starting Set console keymap...
         Starting Set console keymap...
[    6.826903] systemd[1]: Starting Uncomplicated firewall...
         Starting Uncomplicated firewall...
[    6.829585] systemd[1]: Starting Nameserver information manager...
         Starting Nameserver information manager...
[    6.834352] systemd[1]: Starting Load Kernel Modules...
         Starting Load Kernel Modules...
[    6.836913] systemd[1]: Starting Journal Service...
         Starting Journal Service...
[    6.839700] systemd[1]: Mounting Huge Pages File System...
         Mounting Huge Pages File System...
[    6.843331] systemd[1]: Starting Monitoring of LVM2 mirrors, snapshots etc. using dmeventd or progress polling...
         Starting Monitoring of LVM2 mirrors... dmeventd or progress polling...
[    6.849989] systemd[1]: Mounting Debug File System...
         Mounting Debug File System...
[    6.852676] systemd[1]: Mounting POSIX Message Queue File System...
         Mounting POSIX Message Queue File System...
[    6.855582] systemd[1]: Listening on fsck to fsckd communication Socket.
[[0;32m  OK  [0m] Listening on fsck to fsckd communication Socket.
[    6.859064] systemd[1]: Starting File System Check on Root Device...
         Starting File System Check on Root Device...
[    6.862298] systemd[1]: Starting Create list of required static device nodes for the current kernel...
         Starting Create list of required st... nodes for the current kernel...
[    6.869341] systemd[1]: Mounted Huge Pages File System.
[[0;32m  OK  [[    6.870555] systemd[1]: Mounted POSIX Message Queue File System.
0m] Mounted Huge Pages File System.
[[0;32m  OK  [[    6.871938] systemd[1]: Mounted Debug File System.
0m] Mounted POSIX Message Queue File System.
[[0;32m  OK  [0m] Mounted Debug File System.
[    6.873747] systemd[1]: Started Uncomplicated firewall.
[[0;32m  OK  [0m] Started Uncomplicated firewall.
[    6.878701] Loading iSCSI transport class v2.0-870.
[    6.879845] systemd[1]: Started Create list of required static device nodes for the current kernel.
[[0;32m  OK  [0m] Started Create list of required sta...ce nodes for the current kernel.
[    6.883562] systemd[1]: Started Nameserver information manager.
[[0;32m  OK  [0m] Started Nameserver information manager.
[    6.889202] systemd[1]: Started File System Check Daemon to report status.
[[0;32m  OK  [0m] Started File System Check Daemon to report status.
[    6.892476] systemd[1]: Started LVM2 metadata daemon.
[[0;32m  OK  [0m] Started LVM2 metadata daemon.
[    6.895771] systemd[1]: Starting Create Static Device Nodes in /dev...
         Starting Create Static Device Nodes in /dev...
[    6.907832] systemd[1]: Started Journal Service.
[[0;32m  OK  [0m] Started Journal Service.
[    6.913276] iscsi: registered transport (tcp)
[[0;32m  OK  [0m] Started File System Check on Root Device.
         Starting Remount Root and Kernel File Systems...
[[0;32m  OK  [0m] Started Create Static Device Nodes in /dev.
         Starting udev Kernel Device Manager...
[    6.934620] EXT4-fs (sda1): re-mounted. Opts: (null)
[[0;32m  OK  [0m] Started Remount Root and Kernel File Systems.
         Starting Load/Save Random Seed...
         Starting Flush Journal to Persistent Storage...
         Starting udev Coldplug all Devices...
[[0;32m  OK  [0m] Started Load/Save Random Seed.
[    6.957474] systemd-journald[377]: Received request to flush runtime journal from PID 1
[[0;32m  OK  [0m] Started Set console keymap.
[[0;32m  OK  [0m] Started Flush Journal to Persistent Storage.
[[0;32m  OK  [0m] Started udev Kernel Device Manager.
[    7.009988] iscsi: registered transport (iser)
[[0;32m  OK  [0m] Started Load Kernel Modules.
         Starting Apply Kernel Variables...
         Mounting FUSE Control File System...
[[0;32m  OK  [0m] Started udev Coldplug all Devices.
[[0;32m  OK  [0m] Started Dispatch Password Requests to Console Directory Watch.
[[0;32m  OK  [0m] Mounted FUSE Control File System.
[[0;32m  OK  [0m] Started Apply Kernel Variables.
[[0;32m  OK  [0m] Started Monitoring of LVM2 mirrors,...ng dmeventd or progress polling.
[[0;32m  OK  [0m] Reached target Local File Systems (Pre).
[[0;32m  OK  [0m] Reached target Local File Systems.
         Starting Create Volatile Files and Directories...
         Starting Tell Plymouth To Write Out Runtime Data...
         Starting Set console font and keymap...
         Starting Initial cloud-init job (pre-networking)...
         Starting LSB: AppArmor initialization...
[[0;32m  OK  [0m] Started Tell Plymouth To Write Out Runtime Data.
[[0;32m  OK  [0m] Started Create Volatile Files and Directories.
         Starting Update UTMP about System Boot/Shutdown...
[[0;32m  OK  [0m] Started Update UTMP about System Boot/Shutdown.
[[0;32m  OK  [0m] Found device /dev/ttyS0.
[[0;32m  OK  [0m] Started LSB: AppArmor initialization.
         Starting Load AppArmor profiles managed internally by snapd...
[[0;32m  OK  [0m] Started Load AppArmor profiles managed internally by snapd.
[[0;32m  OK  [0m] Listening on Load/Save RF Kill Switch Status /dev/rfkill Watch.
[[0;32m  OK  [0m] Found device 82540EM Gigabit Ethern...r (PRO/1000 MT Desktop Adapter).
[[0;32m  OK  [0m] Found device 82540EM Gigabit Ethern...r (PRO/1000 MT Desktop Adapter).
[    7.822893] cloud-init[499]: Cloud-init v. 21.1-19-gbad84ad4-0ubuntu1~16.04.2 running 'init-local' at Thu, 24 Feb 2022 09:44:07 +0000. Up 7.52 seconds.
[[0;32m  OK  [0m] Started Set console font and keymap.
[[0;32m  OK  [0m] Created slice system-getty.slice.
[[0;32m  OK  [0m] Started Initial cloud-init job (pre-networking).
[[0;32m  OK  [0m] Reached target Network (Pre).
[[0;32m  OK  [0m] Started ifup for enp0s8.
[[0;32m  OK  [0m] Started ifup for enp0s3.
         Starting Raise network interfaces...
[[0;32m  OK  [0m] Started Raise network interfaces.
[[0;32m  OK  [0m] Reached target Network.
         Starting Initial cloud-init job (metadata service crawler)...
[    8.559300] cloud-init[1078]: Cloud-init v. 21.1-19-gbad84ad4-0ubuntu1~16.04.2 running 'init' at Thu, 24 Feb 2022 09:44:08 +0000. Up 8.33 seconds.
[    8.561113] cloud-init[1078]: ci-info: ++++++++++++++++++++++++++++++++++++++Net device info+++++++++++++++++++++++++++++++++++++++
[    8.562565] cloud-init[1078]: ci-info: +--------+------+-----------------------------+---------------+--------+-------------------+
[    8.564218] cloud-init[1078]: ci-info: | Device |  Up  |           Address           |      Mask     | Scope  |     Hw-Address    |
[    8.566130] cloud-init[1078]: ci-info: +--------+------+-----------------------------+---------------+--------+-------------------+
[    8.568029] cloud-init[1078]: ci-info: | enp0s3 | True |          10.0.2.15          | 255.255.255.0 | global | 02:be:82:6b:cc:1d |
[    8.569534] cloud-init[1078]: ci-info: | enp0s3 | True |  fe80::be:82ff:fe6b:cc1d/64 |       .       |  link  | 02:be:82:6b:cc:1d |
[    8.571132] cloud-init[1078]: ci-info: | enp0s8 | True |        192.168.33.11        | 255.255.255.0 | global | 08:00:27:40:db:5e |
[    8.572601] cloud-init[1078]: ci-info: | enp0s8 | True | fe80::a00:27ff:fe40:db5e/64 |       .       |  link  | 08:00:27:40:db:5e |
[    8.574254] cloud-init[1078]: ci-info: |   lo   | True |          127.0.0.1          |   255.0.0.0   |  host  |         .         |
[    8.575816] cloud-init[1078]: ci-info: |   lo   | True |           ::1/128           |       .       |  host  |         .         |
[    8.577306] cloud-init[1078]: ci-info: +--------+------+-----------------------------+---------------+--------+-------------------+
[    8.578814] cloud-init[1078]: ci-info: ++++++++++++++++++++++++++++Route IPv4 info++++++++++++++++++++++++++++
[    8.580196] cloud-init[1078]: ci-info: +-------+--------------+----------+---------------+-----------+-------+
[    8.581702] cloud-init[1078]: ci-info: | Route | Destination  | Gateway  |    Genmask    | Interface | Flags |
[    8.583199] cloud-init[1078]: ci-info: +-------+--------------+----------+---------------+-----------+-------+
[    8.584733] cloud-init[1078]: ci-info: |   0   |   0.0.0.0    | 10.0.2.2 |    0.0.0.0    |   enp0s3  |   UG  |
[    8.586167] cloud-init[1078]: ci-info: |   1   |   10.0.2.0   | 0.0.0.0  | 255.255.255.0 |   enp0s3  |   U   |
[    8.587637] cloud-init[1078]: ci-info: |   2   | 192.168.33.0 | 0.0.0.0  | 255.255.255.0 |   enp0s8  |   U   |
[    8.589183] cloud-init[1078]: ci-info: +-------+--------------+----------+---------------+-----------+-------+
[    8.590694] cloud-init[1078]: ci-info: +++++++++++++++++++Route IPv6 info+++++++++++++++++++
[    8.592088] cloud-init[1078]: ci-info: +-------+-------------+---------+-----------+-------+
[    8.593494] cloud-init[1078]: ci-info: | Route | Destination | Gateway | Interface | Flags |
[    8.594883] cloud-init[1078]: ci-info: +-------+-------------+---------+-----------+-------+
[[0;32m  OK  [0m] Started Initial cloud-init job (metadata service crawler).
[[0;32m  OK  [0m] Reached target Cloud-config availability.
[[0;32m  OK  [0m] Reached target System Initialization.
[    8.596260] cloud-init[1078]: [[0;32m  OK  [0m] Started ACPI Events Check.
[[0;32m  OK  [0m] Reached target Paths.
ci-info: |   0   |  fe80::/64  |    ::   |   enp0s8  |   U   |[[0;32m  OK  [0m] Started Message of the Day.
[[0;32m  OK  [0m] Listening on D-Bus System Message Bus Socket.

[    8.603840] cloud-init[1078]: ci-info: |   1   |  fe80::/64  |    ::   |   enp0s3  |   U   |
         Starting LXD - unix socket.
[[0;32m  OK  [0m] Listening on UUID daemon activation socket.
[[0;32m  OK  [0m] Started Ubuntu Advantage update messaging.
[[0;32m  OK  [0m] Listening on ACPID Listen Socket.
[    8.608093] cloud-init[1078]: ci-info: |   4   |   ff00::/8  |    ::   |   enp0s8  |   U   |
[    8.610440] cloud-init[1078]: ci-info: |   5   |   ff00::/8  |    ::   |   enp0s3  |   U   |
         Starting Socket activation for snappy daemon.[    8.612258] cloud-init[1078]: ci-info: +-------+-------------+---------+-----------+-------+

[[0;32m  OK  [0m] Started Daily apt download activities.
[[0;32m  OK  [0m] Started Daily apt upgrade and clean activities.
[[0;32m  OK  [0m] Started Daily Cleanup of Temporary Directories.
[[0;32m  OK  [0m] Reached target Timers.
[[0;32m  OK  [0m] Reached target Network is Online.
         Starting iSCSI initiator daemon (iscsid)...
[[0;32m  OK  [0m] Listening on LXD - unix socket.
[[0;32m  OK  [0m] Listening on Socket activation for snappy daemon.
[[0;32m  OK  [0m] Reached target Sockets.
[[0;32m  OK  [0m] Reached target Basic System.
         Starting LXD - container startup/shutdown...
[[0;32m  OK  [0m] Started ACPI event daemon.
[[0;32m  OK  [0m] Started D-Bus System Message Bus.
         Starting Ubuntu Advantage APT and MOTD Messages...
[[0;32m  OK  [0m] Started FUSE filesystem for LXC.
         Starting OpenBSD Secure Shell server...
         Starting Accounts Service...
         Starting Virtualbox guest utils...
         Starting LSB: Record successful boot for GRUB...
         Starting Message of the Day...
[[0;32m  OK  [0m] Started Regular background program processing daemon.
[[0;32m  OK  [0m] Started Deferred execution scheduler.
         Starting System Logging Service...
         Starting Login Service...
         Starting /etc/rc.local Compatibility...
         Starting LSB: MD monitoring daemon...
         Starting Snap Daemon...
[[0;32m  OK  [0m] Started iSCSI initiator daemon (iscsid).
[[0;32m  OK  [0m] Started Message of the Day.
[[0;32m  OK  [0m] Started /etc/rc.local Compatibility.
[[0;32m  OK  [0m] Started LXD - container startup/shutdown.
[[0;32m  OK  [0m] Started Login Service.
[[0;32m  OK  [0m] Started Unattended Upgrades Shutdown.
         Starting Login to default iSCSI targets...
[[0;32m  OK  [0m] Started System Logging Service.
         Starting Authenticate and Authorize Users to Run Privileged Tasks...
[[0;32m  OK  [0m] Started Login to default iSCSI targets.
[[0;32m  OK  [0m] Reached target Remote File Systems (Pre).
[[0;32m  OK  [0m] Reached target Remote File Systems.
         Starting LSB: automatic crash report generation...
         Starting Permit User Sessions...
         Starting LSB: daemon to balance interrupts for SMP systems...
         Starting LSB: Set the CPU Frequency Scaling governor to "ondemand"...
[[0;32m  OK  [0m] Started OpenBSD Secure Shell server.
[[0;32m  OK  [0m] Started Permit User Sessions.
         Starting Hold until boot process finishes up...
         Starting Terminate Plymouth Boot Screen...
[[0;32m  OK  [0m] Started LSB: Record successful boot for GRUB.
[[0;32m  OK  [0m] Started Hold until boot process finishes up.
[[0;32m  OK  [0m] Started Terminate Plymouth Boot Screen.
[[0;32m  OK  [0m] Started LSB: MD monitoring daemon.
[[0;32m  OK  [0m] Started Authenticate and Authorize Users to Run Privileged Tasks.
[[0;32m  OK  [0m] Started Accounts Service.
[[0;32m  OK  [0m] Started Serial Getty on ttyS0.
[[0;32m  OK  [0m] Started Getty on tty1.
[[0;32m  OK  [0m] Reached target Login Prompts.
         Starting Set console scheme...
[[0;32m  OK  [0m] Started LSB: automatic crash report generation.
[[0;32m  OK  [0m] Started LSB: daemon to balance interrupts for SMP systems.
[[0;32m  OK  [0m] Started LSB: Set the CPU Frequency Scaling governor to "ondemand".
[[0;32m  OK  [0m] Started Set console scheme.
[[0;32m  OK  [0m] Started Virtualbox guest utils.
[[0;32m  OK  [0m] Started Snap Daemon.
         Starting Wait until snapd is fully seeded...
[[0;32m  OK  [0m] Started Wait until snapd is fully seeded.
[[0;32m  OK  [0m] Reached target Multi-User System.
[[0;32m  OK  [0m] Reached target Graphical Interface.
         Starting Update UTMP about System Runlevel Changes...
         Starting Apply the settings specified in cloud-config...
[[0;32m  OK  [0m] Started Update UTMP about System Runlevel Changes.
[[0;32m  OK  [0m] Started Ubuntu Advantage APT and MOTD Messages.
[    9.432987] cloud-init[1340]: Cloud-init v. 21.1-19-gbad84ad4-0ubuntu1~16.04.2 running 'modules:config' at Thu, 24 Feb 2022 09:44:09 +0000. Up 9.34 seconds.
[[0;32m  OK  [0m] Started Apply the settings specified in cloud-config.
         Starting Execute cloud user/final scripts...
[    9.874655] cloud-init[1359]: Cloud-init v. 21.1-19-gbad84ad4-0ubuntu1~16.04.2 running 'modules:final' at Thu, 24 Feb 2022 09:44:09 +0000. Up 9.77 seconds.
[    9.876597] cloud-init[1359]: Cloud-init v. 21.1-19-gbad84ad4-0ubuntu1~16.04.2 finished at Thu, 24 Feb 2022 09:44:09 +0000. Datasource DataSourceNoCloud [seed=/dev/sdb][dsmode=net].  Up 9.86 seconds
[[0;32m  OK  [0m] Started Execute cloud user/final scripts.
[[0;32m  OK  [0m] Reached target Cloud-init target.

Ubuntu 16.04.7 LTS web01 ttyS0

web01 login:          Stopping Authenticate and Authorize Users to Run Privileged Tasks...
         Stopping ACPI event daemon...
         Stopping Session 6 of user vagrant.
[[0;32m  OK  [0m] Closed Load/Save RF Kill Switch Status /dev/rfkill Watch.
[[0;32m  OK  [0m] Stopped target Timers.
[[0;32m  OK  [0m] Stopped Ubuntu Advantage Timer for running repeated jobs.
[[0;32m  OK  [0m] Stopped Daily apt upgrade and clean activities.
[[0;32m  OK  [0m] Stopped Message of the Day.
[[0;32m  OK  [0m] Stopped Daily Cleanup of Temporary Directories.
[[0;32m  OK  [0m] Stopped target Graphical Interface.
[[0;32m  OK  [0m] Stopped Daily apt download activities.
[[0;32m  OK  [0m] Stopped target System Time Synchronized.
[[0;32m  OK  [0m] Stopped target Cloud-init target.
[[0;32m  OK  [0m] Stopped Execute cloud user/final scripts.
[[0;32m  OK  [0m] Stopped Apply the settings specified in cloud-config.
[[0;32m  OK  [0m] Stopped target Cloud-config availability.
[[0;32m  OK  [0m] Stopped target Multi-User System.
         Stopping OpenBSD Secure Shell server...
         Stopping Virtualbox guest utils...
         Stopping FUSE filesystem for LXC...
         Stopping System Logging Service...
         Stopping Deferred execution scheduler...
         Stopping LSB: MD monitoring daemon...
         Stopping A high performance web server and a reverse proxy server...
         Stopping LSB: daemon to balance interrupts for SMP systems...
         Stopping Unattended Upgrades Shutdown...
         Stopping LSB: automatic crash report generation...
         Stopping D-Bus System Message Bus...
         Stopping Regular background program processing daemon...
[[0;32m  OK  [0m] Stopped Wait until snapd is fully seeded.
         Stopping LXD - container startup/shutdown...
         Stopping LSB: Record successful boot for GRUB...
         Stopping Accounts Service...
         Stopping LSB: Set the CPU Frequency Scaling governor to "ondemand"...
[[0;32m  OK  [0m] Stopped target Login Prompts.
         Stopping Serial Getty on ttyS0...
         Stopping Getty on tty1...
         Stopping User Manager f[[0;32m  OK  [0m] Unmounted /var/lib/lxcfs.
[[0;32m  OK  [0m] Stopped Accounts Service.
[[0;32m  OK  [0m] Stopped Regular background program processing daemon.
[[0;32m  OK  [0m] Stopped Deferred execution scheduler.
[[0;32m  OK  [0m] Stopped System Logging Service.
[[0;32m  OK  [0m] Stopped OpenBSD Secure Shell server.
[[0;32m  OK  [0m] Stopped Authenticate and Authorize Users to Run Privileged Tasks.
[[0;32m  OK  [0m] Stopped Serial Getty on ttyS0.
[[0;32m  OK  [0m] Stopped ACPI event daemon.
[[0;32m  OK  [0m] Stopped Getty on tty1.
[[0;32m  OK  [0m] Stopped Unattended Upgrades Shutdown.
[[0;32m  OK  [0m] Stopped User Manager for UID 1000.
[[0;32m  OK  [0m] Stopped Session 6 of user vagrant.
[[0;32m  OK  [0m] Stopped D-Bus System Message Bus.
[[0;32m  OK  [0m] Stopped FUSE filesystem for LXC.
[[0;32m  OK  [0m] Stopped A high performance web server and a reverse proxy server.
[[0;32m  OK  [0m] Stopped LXD - container startup/shutdown.
[[0;32m  OK  [0m] Stopped LSB: MD monitoring daemon.
[[0;32m  OK  [0m] Stopped LSB: Set the CPU Frequency Scaling governor to "ondemand".
[[0;32m  OK  [0m] Stopped LSB: Record successful boot for GRUB.
[[0;32m  OK  [0m] Removed slice User Slice of vagrant.
         Stopping Login Service...
[[0;32m  OK  [0m] Removed slice system-getty.slice.
         Stopping Permit User Sessions...
[[0;32m  OK  [0m] Stopped /etc/rc.local Compatibility.
[[0;32m  OK  [0m] Removed slice system-serial\x2dgetty.slice.
[[0;32m  OK  [0m] Stopped Virtualbox guest utils.
[[0;32m  OK  [0m] Stopped LSB: daemon to balance interrupts for SMP systems.
[[0;32m  OK  [0m] Stopped LSB: automatic crash report generation.
[[0;32m  OK  [0m] Stopped Permit User Sessions.
[[0;32m  OK  [0m] Stopped target Remote File Systems.
[[0;32m  OK  [0m] Stopped target Remote File Systems (Pre).
         Stopping Login to default iSCSI targets...
[[0;32m  OK  [0m] Stopped Login to default iSCSI targets.
         Stopping iSCSI initiator daemon (iscsid)...
[[0;32m  OK  [0m] Stopped iSCSI initiator daemon (iscsid).
[[0;32m  OK  [0m] Stopped target Network is Online.
[[0;32m  OK  [0m] Stopped target Network.
[[0;32m  OK  [0m] Stopped Login Service.
[[0;32m  OK  [0m] Stopped target Basic System.
[[0;32m  OK  [0m] Stopped target Paths.
[[0;32m  OK  [0m] Stopped Forward Password Requests to Wall Directory Watch.
[[0;32m  OK  [0m] Stopped Trigger to poll for Ubuntu ...nly enabled on GCP LTS non-pro).
[[0;32m  OK  [0m] Stopped ACPI Events Check.
[[0;32m  OK  [0m] Stopped Dispatch Password Requests to Console Directory Watch.
[[0;32m  OK  [0m] Stopped target Slices.
[[0;32m  OK  [0m] Stopped target Sockets.
[[0;32m  OK  [0m] Closed LXD - unix socket.
[[0;32m  OK  [0m] Closed ACPID Listen Socket.
[[0;32m  OK  [0m] Closed UUID daemon activation socket.
[[0;32m  OK  [0m] Closed Syslog Socket.
[[0;32m  OK  [0m] Closed Socket activation for snappy daemon.
[[0;32m  OK  [0m] Stopped target User and Group Name Lookups.
[[0;32m  OK  [0m] Removed slice User and Session Slice.
[[0;32m  OK  [0m] Closed D-Bus System Message Bus Socket.
[[0;32m  OK  [0m] Stopped target System Initialization.
[[0;32m  OK  [0m] Stopped Initial cloud-init job (metadata service crawler).
         Stopping Raise network interfaces...
         Stopping Load/Save Random Seed...
[[0;32m  OK  [0m] Stopped target Swap.
[[0;32m  OK  [0m] Stopped target Encrypted Volumes.
[[0;32m  OK  [0m] Stopped Create Volatile Files and Directories.
[[0;32m  OK  [0m] Stopped Load/Save Random Seed.
[[0;32m  OK  [0m] Stopped Raise network interfaces.
[[0;32m  OK  [0m] Stopped Apply Kernel Variables.
[[0;32m  OK  [0m] Stopped Load Kernel Modules.
[[0;32m  OK  [0m] Stopped target Local File Systems.
         Unmounting /run/user/1000...
         Unmounting /vagrant...
[[0;32m  OK  [0m] Stopped target Network (Pre).
[[0;32m  OK  [0m] Stopped Initial cloud-init job (pre-networking).
[[0;32m  OK  [0m] Unmounted /run/user/1000.
[[0;32m  OK  [0m] Unmounted /vagrant.
[[0;32m  OK  [0m] Reached target Unmount All Filesystems.
[[0;32m  OK  [0m] Stopped target Local File Systems (Pre).
[[0;32m  OK  [0m] Stopped Create Static Device Nodes in /dev.
         Stopping Monitoring of LVM2 mirrors... dmeventd or progress polling...
[[0;32m  OK  [0m] Stopped Remount Root and Kernel File Systems.
[[0;32m  OK  [0m] Reached target Shutdown.
[11892.728324] reboot: Power down
